Performing C++ SOURCE FILE Test COMPILER_SUPPORT_Wshorten64to32 failed with the following output:
Change Dir: /home/bjt/Documents/research/vision/libs/eigen-3.3.7/build/CMakeFiles/CMakeTmp

Run Build Command:"/usr/bin/make" "cmTC_938d7/fast"
/usr/bin/make -f CMakeFiles/cmTC_938d7.dir/build.make CMakeFiles/cmTC_938d7.dir/build
make[1]: Entering directory '/home/bjt/Documents/research/vision/libs/eigen-3.3.7/build/CMakeFiles/CMakeTmp'
Building CXX object CMakeFiles/cmTC_938d7.dir/src.cxx.o
/usr/bin/c++     -std=c++03 -pedantic -Wall -Wextra -Wundef -Wcast-align -Wchar-subscripts -Wnon-virtual-dtor -Wunused-local-typedefs -Wpointer-arith -Wwrite-strings -Wformat-security -DCOMPILER_SUPPORT_Wshorten64to32 -Werror   -Wshorten-64-to-32 -o CMakeFiles/cmTC_938d7.dir/src.cxx.o -c /home/bjt/Documents/research/vision/libs/eigen-3.3.7/build/CMakeFiles/CMakeTmp/src.cxx
c++: error: unrecognized command line option '-Wshorten-64-to-32'
CMakeFiles/cmTC_938d7.dir/build.make:65: recipe for target 'CMakeFiles/cmTC_938d7.dir/src.cxx.o' failed
make[1]: *** [CMakeFiles/cmTC_938d7.dir/src.cxx.o] Error 1
make[1]: Leaving directory '/home/bjt/Documents/research/vision/libs/eigen-3.3.7/build/CMakeFiles/CMakeTmp'
Makefile:126: recipe for target 'cmTC_938d7/fast' failed
make: *** [cmTC_938d7/fast] Error 2

Source file was:
int main() { return 0; }
Performing C++ SOURCE FILE Test COMPILER_SUPPORT_Wenumconversion failed with the following output:
Change Dir: /home/bjt/Documents/research/vision/libs/eigen-3.3.7/build/CMakeFiles/CMakeTmp

Run Build Command:"/usr/bin/make" "cmTC_7313b/fast"
/usr/bin/make -f CMakeFiles/cmTC_7313b.dir/build.make CMakeFiles/cmTC_7313b.dir/build
make[1]: Entering directory '/home/bjt/Documents/research/vision/libs/eigen-3.3.7/build/CMakeFiles/CMakeTmp'
Building CXX object CMakeFiles/cmTC_7313b.dir/src.cxx.o
/usr/bin/c++     -std=c++03 -pedantic -Wall -Wextra -Wundef -Wcast-align -Wchar-subscripts -Wnon-virtual-dtor -Wunused-local-typedefs -Wpointer-arith -Wwrite-strings -Wformat-security -Wlogical-op -DCOMPILER_SUPPORT_Wenumconversion -Werror   -Wenum-conversion -o CMakeFiles/cmTC_7313b.dir/src.cxx.o -c /home/bjt/Documents/research/vision/libs/eigen-3.3.7/build/CMakeFiles/CMakeTmp/src.cxx
c++: error: unrecognized command line option '-Wenum-conversion'
CMakeFiles/cmTC_7313b.dir/build.make:65: recipe for target 'CMakeFiles/cmTC_7313b.dir/src.cxx.o' failed
make[1]: *** [CMakeFiles/cmTC_7313b.dir/src.cxx.o] Error 1
make[1]: Leaving directory '/home/bjt/Documents/research/vision/libs/eigen-3.3.7/build/CMakeFiles/CMakeTmp'
Makefile:126: recipe for target 'cmTC_7313b/fast' failed
make: *** [cmTC_7313b/fast] Error 2

Source file was:
int main() { return 0; }
Performing C++ SOURCE FILE Test COMPILER_SUPPORT_Wcpp11extensions failed with the following output:
Change Dir: /home/bjt/Documents/research/vision/libs/eigen-3.3.7/build/CMakeFiles/CMakeTmp

Run Build Command:"/usr/bin/make" "cmTC_9b355/fast"
/usr/bin/make -f CMakeFiles/cmTC_9b355.dir/build.make CMakeFiles/cmTC_9b355.dir/build
make[1]: Entering directory '/home/bjt/Documents/research/vision/libs/eigen-3.3.7/build/CMakeFiles/CMakeTmp'
Building CXX object CMakeFiles/cmTC_9b355.dir/src.cxx.o
/usr/bin/c++     -std=c++03 -pedantic -Wall -Wextra -Wundef -Wcast-align -Wchar-subscripts -Wnon-virtual-dtor -Wunused-local-typedefs -Wpointer-arith -Wwrite-strings -Wformat-security -Wlogical-op -DCOMPILER_SUPPORT_Wcpp11extensions -Werror   -Wc++11-extensions -o CMakeFiles/cmTC_9b355.dir/src.cxx.o -c /home/bjt/Documents/research/vision/libs/eigen-3.3.7/build/CMakeFiles/CMakeTmp/src.cxx
c++: error: unrecognized command line option '-Wc++11-extensions'
CMakeFiles/cmTC_9b355.dir/build.make:65: recipe for target 'CMakeFiles/cmTC_9b355.dir/src.cxx.o' failed
make[1]: *** [CMakeFiles/cmTC_9b355.dir/src.cxx.o] Error 1
make[1]: Leaving directory '/home/bjt/Documents/research/vision/libs/eigen-3.3.7/build/CMakeFiles/CMakeTmp'
Makefile:126: recipe for target 'cmTC_9b355/fast' failed
make: *** [cmTC_9b355/fast] Error 2

Source file was:
int main() { return 0; }
Performing C++ SOURCE FILE Test COMPILER_SUPPORT_wd981 failed with the following output:
Change Dir: /home/bjt/Documents/research/vision/libs/eigen-3.3.7/build/CMakeFiles/CMakeTmp

Run Build Command:"/usr/bin/make" "cmTC_0b821/fast"
/usr/bin/make -f CMakeFiles/cmTC_0b821.dir/build.make CMakeFiles/cmTC_0b821.dir/build
make[1]: Entering directory '/home/bjt/Documents/research/vision/libs/eigen-3.3.7/build/CMakeFiles/CMakeTmp'
Building CXX object CMakeFiles/cmTC_0b821.dir/src.cxx.o
/usr/bin/c++     -std=c++03 -pedantic -Wall -Wextra -Wundef -Wcast-align -Wchar-subscripts -Wnon-virtual-dtor -Wunused-local-typedefs -Wpointer-arith -Wwrite-strings -Wformat-security -Wlogical-op -Wdouble-promotion -Wno-psabi -Wno-variadic-macros -Wno-long-long -fno-check-new -fno-common -fstrict-aliasing -DCOMPILER_SUPPORT_wd981 -Werror   -wd981 -o CMakeFiles/cmTC_0b821.dir/src.cxx.o -c /home/bjt/Documents/research/vision/libs/eigen-3.3.7/build/CMakeFiles/CMakeTmp/src.cxx
c++: error: unrecognized command line option '-wd981'
CMakeFiles/cmTC_0b821.dir/build.make:65: recipe for target 'CMakeFiles/cmTC_0b821.dir/src.cxx.o' failed
make[1]: *** [CMakeFiles/cmTC_0b821.dir/src.cxx.o] Error 1
make[1]: Leaving directory '/home/bjt/Documents/research/vision/libs/eigen-3.3.7/build/CMakeFiles/CMakeTmp'
Makefile:126: recipe for target 'cmTC_0b821/fast' failed
make: *** [cmTC_0b821/fast] Error 2

Source file was:
int main() { return 0; }
Performing C++ SOURCE FILE Test COMPILER_SUPPORT_wd2304 failed with the following output:
Change Dir: /home/bjt/Documents/research/vision/libs/eigen-3.3.7/build/CMakeFiles/CMakeTmp

Run Build Command:"/usr/bin/make" "cmTC_2e349/fast"
/usr/bin/make -f CMakeFiles/cmTC_2e349.dir/build.make CMakeFiles/cmTC_2e349.dir/build
make[1]: Entering directory '/home/bjt/Documents/research/vision/libs/eigen-3.3.7/build/CMakeFiles/CMakeTmp'
Building CXX object CMakeFiles/cmTC_2e349.dir/src.cxx.o
/usr/bin/c++     -std=c++03 -pedantic -Wall -Wextra -Wundef -Wcast-align -Wchar-subscripts -Wnon-virtual-dtor -Wunused-local-typedefs -Wpointer-arith -Wwrite-strings -Wformat-security -Wlogical-op -Wdouble-promotion -Wno-psabi -Wno-variadic-macros -Wno-long-long -fno-check-new -fno-common -fstrict-aliasing -DCOMPILER_SUPPORT_wd2304 -Werror   -wd2304 -o CMakeFiles/cmTC_2e349.dir/src.cxx.o -c /home/bjt/Documents/research/vision/libs/eigen-3.3.7/build/CMakeFiles/CMakeTmp/src.cxx
c++: error: unrecognized command line option '-wd2304'
CMakeFiles/cmTC_2e349.dir/build.make:65: recipe for target 'CMakeFiles/cmTC_2e349.dir/src.cxx.o' failed
make[1]: *** [CMakeFiles/cmTC_2e349.dir/src.cxx.o] Error 1
make[1]: Leaving directory '/home/bjt/Documents/research/vision/libs/eigen-3.3.7/build/CMakeFiles/CMakeTmp'
Makefile:126: recipe for target 'cmTC_2e349/fast' failed
make: *** [cmTC_2e349/fast] Error 2

Source file was:
int main() { return 0; }
Performing C++ SOURCE FILE Test COMPILER_SUPPORT_STRICTANSI failed with the following output:
Change Dir: /home/bjt/Documents/research/vision/libs/eigen-3.3.7/build/CMakeFiles/CMakeTmp

Run Build Command:"/usr/bin/make" "cmTC_9914e/fast"
/usr/bin/make -f CMakeFiles/cmTC_9914e.dir/build.make CMakeFiles/cmTC_9914e.dir/build
make[1]: Entering directory '/home/bjt/Documents/research/vision/libs/eigen-3.3.7/build/CMakeFiles/CMakeTmp'
Building CXX object CMakeFiles/cmTC_9914e.dir/src.cxx.o
/usr/bin/c++     -std=c++03 -pedantic -Wall -Wextra -Wundef -Wcast-align -Wchar-subscripts -Wnon-virtual-dtor -Wunused-local-typedefs -Wpointer-arith -Wwrite-strings -Wformat-security -Wlogical-op -Wdouble-promotion -Wno-psabi -Wno-variadic-macros -Wno-long-long -fno-check-new -fno-common -fstrict-aliasing -DCOMPILER_SUPPORT_STRICTANSI -Werror   -strict-ansi -o CMakeFiles/cmTC_9914e.dir/src.cxx.o -c /home/bjt/Documents/research/vision/libs/eigen-3.3.7/build/CMakeFiles/CMakeTmp/src.cxx
c++: error: unrecognized command line option '-strict-ansi'
CMakeFiles/cmTC_9914e.dir/build.make:65: recipe for target 'CMakeFiles/cmTC_9914e.dir/src.cxx.o' failed
make[1]: *** [CMakeFiles/cmTC_9914e.dir/src.cxx.o] Error 1
make[1]: Leaving directory '/home/bjt/Documents/research/vision/libs/eigen-3.3.7/build/CMakeFiles/CMakeTmp'
Makefile:126: recipe for target 'cmTC_9914e/fast' failed
make: *** [cmTC_9914e/fast] Error 2

Source file was:
int main() { return 0; }
Performing C++ SOURCE FILE Test COMPILER_SUPPORT_Qunusedarguments failed with the following output:
Change Dir: /home/bjt/Documents/research/vision/libs/eigen-3.3.7/build/CMakeFiles/CMakeTmp

Run Build Command:"/usr/bin/make" "cmTC_1e332/fast"
/usr/bin/make -f CMakeFiles/cmTC_1e332.dir/build.make CMakeFiles/cmTC_1e332.dir/build
make[1]: Entering directory '/home/bjt/Documents/research/vision/libs/eigen-3.3.7/build/CMakeFiles/CMakeTmp'
Building CXX object CMakeFiles/cmTC_1e332.dir/src.cxx.o
/usr/bin/c++     -std=c++03 -pedantic -Wall -Wextra -Wundef -Wcast-align -Wchar-subscripts -Wnon-virtual-dtor -Wunused-local-typedefs -Wpointer-arith -Wwrite-strings -Wformat-security -Wlogical-op -Wdouble-promotion -Wno-psabi -Wno-variadic-macros -Wno-long-long -fno-check-new -fno-common -fstrict-aliasing -DCOMPILER_SUPPORT_Qunusedarguments -Werror   -Qunused-arguments -o CMakeFiles/cmTC_1e332.dir/src.cxx.o -c /home/bjt/Documents/research/vision/libs/eigen-3.3.7/build/CMakeFiles/CMakeTmp/src.cxx
c++: error: unrecognized command line option '-Qunused-arguments'
CMakeFiles/cmTC_1e332.dir/build.make:65: recipe for target 'CMakeFiles/cmTC_1e332.dir/src.cxx.o' failed
make[1]: *** [CMakeFiles/cmTC_1e332.dir/src.cxx.o] Error 1
make[1]: Leaving directory '/home/bjt/Documents/research/vision/libs/eigen-3.3.7/build/CMakeFiles/CMakeTmp'
Makefile:126: recipe for target 'cmTC_1e332/fast' failed
make: *** [cmTC_1e332/fast] Error 2

Source file was:
int main() { return 0; }
Determining if the pthread_create exist failed with the following output:
Change Dir: /home/bjt/Documents/research/vision/libs/eigen-3.3.7/build/CMakeFiles/CMakeTmp

Run Build Command:"/usr/bin/make" "cmTC_b7e8c/fast"
/usr/bin/make -f CMakeFiles/cmTC_b7e8c.dir/build.make CMakeFiles/cmTC_b7e8c.dir/build
make[1]: Entering directory '/home/bjt/Documents/research/vision/libs/eigen-3.3.7/build/CMakeFiles/CMakeTmp'
Building C object CMakeFiles/cmTC_b7e8c.dir/CheckSymbolExists.c.o
/usr/bin/cc     -o CMakeFiles/cmTC_b7e8c.dir/CheckSymbolExists.c.o   -c /home/bjt/Documents/research/vision/libs/eigen-3.3.7/build/CMakeFiles/CMakeTmp/CheckSymbolExists.c
Linking C executable cmTC_b7e8c
/usr/bin/cmake -E cmake_link_script CMakeFiles/cmTC_b7e8c.dir/link.txt --verbose=1
/usr/bin/cc       CMakeFiles/cmTC_b7e8c.dir/CheckSymbolExists.c.o  -o cmTC_b7e8c -rdynamic 
CMakeFiles/cmTC_b7e8c.dir/CheckSymbolExists.c.o: In function `main':
CheckSymbolExists.c:(.text+0x16): undefined reference to `pthread_create'
collect2: error: ld returned 1 exit status
CMakeFiles/cmTC_b7e8c.dir/build.make:97: recipe for target 'cmTC_b7e8c' failed
make[1]: *** [cmTC_b7e8c] Error 1
make[1]: Leaving directory '/home/bjt/Documents/research/vision/libs/eigen-3.3.7/build/CMakeFiles/CMakeTmp'
Makefile:126: recipe for target 'cmTC_b7e8c/fast' failed
make: *** [cmTC_b7e8c/fast] Error 2

File /home/bjt/Documents/research/vision/libs/eigen-3.3.7/build/CMakeFiles/CMakeTmp/CheckSymbolExists.c:
/* */
#include <pthread.h>

int main(int argc, char** argv)
{
  (void)argv;
#ifndef pthread_create
  return ((int*)(&pthread_create))[argc];
#else
  (void)argc;
  return 0;
#endif
}

Determining if the function pthread_create exists in the pthreads failed with the following output:
Change Dir: /home/bjt/Documents/research/vision/libs/eigen-3.3.7/build/CMakeFiles/CMakeTmp

Run Build Command:"/usr/bin/make" "cmTC_7b93d/fast"
/usr/bin/make -f CMakeFiles/cmTC_7b93d.dir/build.make CMakeFiles/cmTC_7b93d.dir/build
make[1]: Entering directory '/home/bjt/Documents/research/vision/libs/eigen-3.3.7/build/CMakeFiles/CMakeTmp'
Building C object CMakeFiles/cmTC_7b93d.dir/CheckFunctionExists.c.o
/usr/bin/cc    -DCHECK_FUNCTION_EXISTS=pthread_create   -o CMakeFiles/cmTC_7b93d.dir/CheckFunctionExists.c.o   -c /usr/share/cmake-3.5/Modules/CheckFunctionExists.c
Linking C executable cmTC_7b93d
/usr/bin/cmake -E cmake_link_script CMakeFiles/cmTC_7b93d.dir/link.txt --verbose=1
/usr/bin/cc   -DCHECK_FUNCTION_EXISTS=pthread_create    CMakeFiles/cmTC_7b93d.dir/CheckFunctionExists.c.o  -o cmTC_7b93d -rdynamic -lpthreads 
/usr/bin/ld: cannot find -lpthreads
collect2: error: ld returned 1 exit status
CMakeFiles/cmTC_7b93d.dir/build.make:97: recipe for target 'cmTC_7b93d' failed
make[1]: *** [cmTC_7b93d] Error 1
make[1]: Leaving directory '/home/bjt/Documents/research/vision/libs/eigen-3.3.7/build/CMakeFiles/CMakeTmp'
Makefile:126: recipe for target 'cmTC_7b93d/fast' failed
make: *** [cmTC_7b93d/fast] Error 2


