The system is: Linux - 4.15.0-106-generic - x86_64
Compiling the C compiler identification source file "CMakeCCompilerId.c" succeeded.
Compiler: /usr/bin/cc 
Build flags: 
Id flags: 

The output was:
0


Compilation of the C compiler identification source "CMakeCCompilerId.c" produced "a.out"

The C compiler identification is GNU, found in "/home/bjt/Documents/research/vision/build/CMakeFiles/3.5.1/CompilerIdC/a.out"

Compiling the CXX compiler identification source file "CMakeCXXCompilerId.cpp" succeeded.
Compiler: /usr/bin/c++ 
Build flags: 
Id flags: 

The output was:
0


Compilation of the CXX compiler identification source "CMakeCXXCompilerId.cpp" produced "a.out"

The CXX compiler identification is GNU, found in "/home/bjt/Documents/research/vision/build/CMakeFiles/3.5.1/CompilerIdCXX/a.out"

Determining if the C compiler works passed with the following output:
Change Dir: /home/bjt/Documents/research/vision/build/CMakeFiles/CMakeTmp

Run Build Command:"/usr/bin/make" "cmTC_64948/fast"
/usr/bin/make -f CMakeFiles/cmTC_64948.dir/build.make CMakeFiles/cmTC_64948.dir/build
make[1]: Entering directory '/home/bjt/Documents/research/vision/build/CMakeFiles/CMakeTmp'
Building C object CMakeFiles/cmTC_64948.dir/testCCompiler.c.o
/usr/bin/cc     -o CMakeFiles/cmTC_64948.dir/testCCompiler.c.o   -c /home/bjt/Documents/research/vision/build/CMakeFiles/CMakeTmp/testCCompiler.c
Linking C executable cmTC_64948
/usr/bin/cmake -E cmake_link_script CMakeFiles/cmTC_64948.dir/link.txt --verbose=1
/usr/bin/cc       CMakeFiles/cmTC_64948.dir/testCCompiler.c.o  -o cmTC_64948 -rdynamic 
make[1]: Leaving directory '/home/bjt/Documents/research/vision/build/CMakeFiles/CMakeTmp'


Detecting C compiler ABI info compiled with the following output:
Change Dir: /home/bjt/Documents/research/vision/build/CMakeFiles/CMakeTmp

Run Build Command:"/usr/bin/make" "cmTC_7e5be/fast"
/usr/bin/make -f CMakeFiles/cmTC_7e5be.dir/build.make CMakeFiles/cmTC_7e5be.dir/build
make[1]: Entering directory '/home/bjt/Documents/research/vision/build/CMakeFiles/CMakeTmp'
Building C object CMakeFiles/cmTC_7e5be.dir/CMakeCCompilerABI.c.o
/usr/bin/cc     -o CMakeFiles/cmTC_7e5be.dir/CMakeCCompilerABI.c.o   -c /usr/share/cmake-3.5/Modules/CMakeCCompilerABI.c
Linking C executable cmTC_7e5be
/usr/bin/cmake -E cmake_link_script CMakeFiles/cmTC_7e5be.dir/link.txt --verbose=1
/usr/bin/cc      -v CMakeFiles/cmTC_7e5be.dir/CMakeCCompilerABI.c.o  -o cmTC_7e5be -rdynamic  
Using built-in specs.
COLLECT_GCC=/usr/bin/cc
COLLECT_LTO_WRAPPER=/usr/lib/gcc/x86_64-linux-gnu/5/lto-wrapper
Target: x86_64-linux-gnu
Configured with: ../src/configure -v --with-pkgversion='Ubuntu 5.4.0-6ubuntu1~16.04.12' --with-bugurl=file:///usr/share/doc/gcc-5/README.Bugs --enable-languages=c,ada,c++,java,go,d,fortran,objc,obj-c++ --prefix=/usr --program-suffix=-5 --enable-shared --enable-linker-build-id --libexecdir=/usr/lib --without-included-gettext --enable-threads=posix --libdir=/usr/lib --enable-nls --with-sysroot=/ --enable-clocale=gnu --enable-libstdcxx-debug --enable-libstdcxx-time=yes --with-default-libstdcxx-abi=new --enable-gnu-unique-object --disable-vtable-verify --enable-libmpx --enable-plugin --with-system-zlib --disable-browser-plugin --enable-java-awt=gtk --enable-gtk-cairo --with-java-home=/usr/lib/jvm/java-1.5.0-gcj-5-amd64/jre --enable-java-home --with-jvm-root-dir=/usr/lib/jvm/java-1.5.0-gcj-5-amd64 --with-jvm-jar-dir=/usr/lib/jvm-exports/java-1.5.0-gcj-5-amd64 --with-arch-directory=amd64 --with-ecj-jar=/usr/share/java/eclipse-ecj.jar --enable-objc-gc --enable-multiarch --disable-werror --with-arch-32=i686 --with-abi=m64 --with-multilib-list=m32,m64,mx32 --enable-multilib --with-tune=generic --enable-checking=release --build=x86_64-linux-gnu --host=x86_64-linux-gnu --target=x86_64-linux-gnu
Thread model: posix
gcc version 5.4.0 20160609 (Ubuntu 5.4.0-6ubuntu1~16.04.12) 
COMPILER_PATH=/usr/lib/gcc/x86_64-linux-gnu/5/:/usr/lib/gcc/x86_64-linux-gnu/5/:/usr/lib/gcc/x86_64-linux-gnu/:/usr/lib/gcc/x86_64-linux-gnu/5/:/usr/lib/gcc/x86_64-linux-gnu/
LIBRARY_PATH=/usr/lib/gcc/x86_64-linux-gnu/5/:/usr/lib/gcc/x86_64-linux-gnu/5/../../../x86_64-linux-gnu/:/usr/lib/gcc/x86_64-linux-gnu/5/../../../../lib/:/lib/x86_64-linux-gnu/:/lib/../lib/:/usr/lib/x86_64-linux-gnu/:/usr/lib/../lib/:/usr/lib/gcc/x86_64-linux-gnu/5/../../../:/lib/:/usr/lib/
COLLECT_GCC_OPTIONS='-v' '-o' 'cmTC_7e5be' '-rdynamic' '-mtune=generic' '-march=x86-64'
 /usr/lib/gcc/x86_64-linux-gnu/5/collect2 -plugin /usr/lib/gcc/x86_64-linux-gnu/5/liblto_plugin.so -plugin-opt=/usr/lib/gcc/x86_64-linux-gnu/5/lto-wrapper -plugin-opt=-fresolution=/tmp/cc4xxiDt.res -plugin-opt=-pass-through=-lgcc -plugin-opt=-pass-through=-lgcc_s -plugin-opt=-pass-through=-lc -plugin-opt=-pass-through=-lgcc -plugin-opt=-pass-through=-lgcc_s --sysroot=/ --build-id --eh-frame-hdr -m elf_x86_64 --hash-style=gnu --as-needed -export-dynamic -dynamic-linker /lib64/ld-linux-x86-64.so.2 -z relro -o cmTC_7e5be /usr/lib/gcc/x86_64-linux-gnu/5/../../../x86_64-linux-gnu/crt1.o /usr/lib/gcc/x86_64-linux-gnu/5/../../../x86_64-linux-gnu/crti.o /usr/lib/gcc/x86_64-linux-gnu/5/crtbegin.o -L/usr/lib/gcc/x86_64-linux-gnu/5 -L/usr/lib/gcc/x86_64-linux-gnu/5/../../../x86_64-linux-gnu -L/usr/lib/gcc/x86_64-linux-gnu/5/../../../../lib -L/lib/x86_64-linux-gnu -L/lib/../lib -L/usr/lib/x86_64-linux-gnu -L/usr/lib/../lib -L/usr/lib/gcc/x86_64-linux-gnu/5/../../.. CMakeFiles/cmTC_7e5be.dir/CMakeCCompilerABI.c.o -lgcc --as-needed -lgcc_s --no-as-needed -lc -lgcc --as-needed -lgcc_s --no-as-needed /usr/lib/gcc/x86_64-linux-gnu/5/crtend.o /usr/lib/gcc/x86_64-linux-gnu/5/../../../x86_64-linux-gnu/crtn.o
make[1]: Leaving directory '/home/bjt/Documents/research/vision/build/CMakeFiles/CMakeTmp'


Parsed C implicit link information from above output:
  link line regex: [^( *|.*[/\])(ld|([^/\]+-)?ld|collect2)[^/\]*( |$)]
  ignore line: [Change Dir: /home/bjt/Documents/research/vision/build/CMakeFiles/CMakeTmp]
  ignore line: []
  ignore line: [Run Build Command:"/usr/bin/make" "cmTC_7e5be/fast"]
  ignore line: [/usr/bin/make -f CMakeFiles/cmTC_7e5be.dir/build.make CMakeFiles/cmTC_7e5be.dir/build]
  ignore line: [make[1]: Entering directory '/home/bjt/Documents/research/vision/build/CMakeFiles/CMakeTmp']
  ignore line: [Building C object CMakeFiles/cmTC_7e5be.dir/CMakeCCompilerABI.c.o]
  ignore line: [/usr/bin/cc     -o CMakeFiles/cmTC_7e5be.dir/CMakeCCompilerABI.c.o   -c /usr/share/cmake-3.5/Modules/CMakeCCompilerABI.c]
  ignore line: [Linking C executable cmTC_7e5be]
  ignore line: [/usr/bin/cmake -E cmake_link_script CMakeFiles/cmTC_7e5be.dir/link.txt --verbose=1]
  ignore line: [/usr/bin/cc      -v CMakeFiles/cmTC_7e5be.dir/CMakeCCompilerABI.c.o  -o cmTC_7e5be -rdynamic  ]
  ignore line: [Using built-in specs.]
  ignore line: [COLLECT_GCC=/usr/bin/cc]
  ignore line: [COLLECT_LTO_WRAPPER=/usr/lib/gcc/x86_64-linux-gnu/5/lto-wrapper]
  ignore line: [Target: x86_64-linux-gnu]
  ignore line: [Configured with: ../src/configure -v --with-pkgversion='Ubuntu 5.4.0-6ubuntu1~16.04.12' --with-bugurl=file:///usr/share/doc/gcc-5/README.Bugs --enable-languages=c,ada,c++,java,go,d,fortran,objc,obj-c++ --prefix=/usr --program-suffix=-5 --enable-shared --enable-linker-build-id --libexecdir=/usr/lib --without-included-gettext --enable-threads=posix --libdir=/usr/lib --enable-nls --with-sysroot=/ --enable-clocale=gnu --enable-libstdcxx-debug --enable-libstdcxx-time=yes --with-default-libstdcxx-abi=new --enable-gnu-unique-object --disable-vtable-verify --enable-libmpx --enable-plugin --with-system-zlib --disable-browser-plugin --enable-java-awt=gtk --enable-gtk-cairo --with-java-home=/usr/lib/jvm/java-1.5.0-gcj-5-amd64/jre --enable-java-home --with-jvm-root-dir=/usr/lib/jvm/java-1.5.0-gcj-5-amd64 --with-jvm-jar-dir=/usr/lib/jvm-exports/java-1.5.0-gcj-5-amd64 --with-arch-directory=amd64 --with-ecj-jar=/usr/share/java/eclipse-ecj.jar --enable-objc-gc --enable-multiarch --disable-werror --with-arch-32=i686 --with-abi=m64 --with-multilib-list=m32,m64,mx32 --enable-multilib --with-tune=generic --enable-checking=release --build=x86_64-linux-gnu --host=x86_64-linux-gnu --target=x86_64-linux-gnu]
  ignore line: [Thread model: posix]
  ignore line: [gcc version 5.4.0 20160609 (Ubuntu 5.4.0-6ubuntu1~16.04.12) ]
  ignore line: [COMPILER_PATH=/usr/lib/gcc/x86_64-linux-gnu/5/:/usr/lib/gcc/x86_64-linux-gnu/5/:/usr/lib/gcc/x86_64-linux-gnu/:/usr/lib/gcc/x86_64-linux-gnu/5/:/usr/lib/gcc/x86_64-linux-gnu/]
  ignore line: [LIBRARY_PATH=/usr/lib/gcc/x86_64-linux-gnu/5/:/usr/lib/gcc/x86_64-linux-gnu/5/../../../x86_64-linux-gnu/:/usr/lib/gcc/x86_64-linux-gnu/5/../../../../lib/:/lib/x86_64-linux-gnu/:/lib/../lib/:/usr/lib/x86_64-linux-gnu/:/usr/lib/../lib/:/usr/lib/gcc/x86_64-linux-gnu/5/../../../:/lib/:/usr/lib/]
  ignore line: [COLLECT_GCC_OPTIONS='-v' '-o' 'cmTC_7e5be' '-rdynamic' '-mtune=generic' '-march=x86-64']
  link line: [ /usr/lib/gcc/x86_64-linux-gnu/5/collect2 -plugin /usr/lib/gcc/x86_64-linux-gnu/5/liblto_plugin.so -plugin-opt=/usr/lib/gcc/x86_64-linux-gnu/5/lto-wrapper -plugin-opt=-fresolution=/tmp/cc4xxiDt.res -plugin-opt=-pass-through=-lgcc -plugin-opt=-pass-through=-lgcc_s -plugin-opt=-pass-through=-lc -plugin-opt=-pass-through=-lgcc -plugin-opt=-pass-through=-lgcc_s --sysroot=/ --build-id --eh-frame-hdr -m elf_x86_64 --hash-style=gnu --as-needed -export-dynamic -dynamic-linker /lib64/ld-linux-x86-64.so.2 -z relro -o cmTC_7e5be /usr/lib/gcc/x86_64-linux-gnu/5/../../../x86_64-linux-gnu/crt1.o /usr/lib/gcc/x86_64-linux-gnu/5/../../../x86_64-linux-gnu/crti.o /usr/lib/gcc/x86_64-linux-gnu/5/crtbegin.o -L/usr/lib/gcc/x86_64-linux-gnu/5 -L/usr/lib/gcc/x86_64-linux-gnu/5/../../../x86_64-linux-gnu -L/usr/lib/gcc/x86_64-linux-gnu/5/../../../../lib -L/lib/x86_64-linux-gnu -L/lib/../lib -L/usr/lib/x86_64-linux-gnu -L/usr/lib/../lib -L/usr/lib/gcc/x86_64-linux-gnu/5/../../.. CMakeFiles/cmTC_7e5be.dir/CMakeCCompilerABI.c.o -lgcc --as-needed -lgcc_s --no-as-needed -lc -lgcc --as-needed -lgcc_s --no-as-needed /usr/lib/gcc/x86_64-linux-gnu/5/crtend.o /usr/lib/gcc/x86_64-linux-gnu/5/../../../x86_64-linux-gnu/crtn.o]
    arg [/usr/lib/gcc/x86_64-linux-gnu/5/collect2] ==> ignore
    arg [-plugin] ==> ignore
    arg [/usr/lib/gcc/x86_64-linux-gnu/5/liblto_plugin.so] ==> ignore
    arg [-plugin-opt=/usr/lib/gcc/x86_64-linux-gnu/5/lto-wrapper] ==> ignore
    arg [-plugin-opt=-fresolution=/tmp/cc4xxiDt.res] ==> ignore
    arg [-plugin-opt=-pass-through=-lgcc] ==> ignore
    arg [-plugin-opt=-pass-through=-lgcc_s] ==> ignore
    arg [-plugin-opt=-pass-through=-lc] ==> ignore
    arg [-plugin-opt=-pass-through=-lgcc] ==> ignore
    arg [-plugin-opt=-pass-through=-lgcc_s] ==> ignore
    arg [--sysroot=/] ==> ignore
    arg [--build-id] ==> ignore
    arg [--eh-frame-hdr] ==> ignore
    arg [-m] ==> ignore
    arg [elf_x86_64] ==> ignore
    arg [--hash-style=gnu] ==> ignore
    arg [--as-needed] ==> ignore
    arg [-export-dynamic] ==> ignore
    arg [-dynamic-linker] ==> ignore
    arg [/lib64/ld-linux-x86-64.so.2] ==> ignore
    arg [-zrelro] ==> ignore
    arg [-o] ==> ignore
    arg [cmTC_7e5be] ==> ignore
    arg [/usr/lib/gcc/x86_64-linux-gnu/5/../../../x86_64-linux-gnu/crt1.o] ==> ignore
    arg [/usr/lib/gcc/x86_64-linux-gnu/5/../../../x86_64-linux-gnu/crti.o] ==> ignore
    arg [/usr/lib/gcc/x86_64-linux-gnu/5/crtbegin.o] ==> ignore
    arg [-L/usr/lib/gcc/x86_64-linux-gnu/5] ==> dir [/usr/lib/gcc/x86_64-linux-gnu/5]
    arg [-L/usr/lib/gcc/x86_64-linux-gnu/5/../../../x86_64-linux-gnu] ==> dir [/usr/lib/gcc/x86_64-linux-gnu/5/../../../x86_64-linux-gnu]
    arg [-L/usr/lib/gcc/x86_64-linux-gnu/5/../../../../lib] ==> dir [/usr/lib/gcc/x86_64-linux-gnu/5/../../../../lib]
    arg [-L/lib/x86_64-linux-gnu] ==> dir [/lib/x86_64-linux-gnu]
    arg [-L/lib/../lib] ==> dir [/lib/../lib]
    arg [-L/usr/lib/x86_64-linux-gnu] ==> dir [/usr/lib/x86_64-linux-gnu]
    arg [-L/usr/lib/../lib] ==> dir [/usr/lib/../lib]
    arg [-L/usr/lib/gcc/x86_64-linux-gnu/5/../../..] ==> dir [/usr/lib/gcc/x86_64-linux-gnu/5/../../..]
    arg [CMakeFiles/cmTC_7e5be.dir/CMakeCCompilerABI.c.o] ==> ignore
    arg [-lgcc] ==> lib [gcc]
    arg [--as-needed] ==> ignore
    arg [-lgcc_s] ==> lib [gcc_s]
    arg [--no-as-needed] ==> ignore
    arg [-lc] ==> lib [c]
    arg [-lgcc] ==> lib [gcc]
    arg [--as-needed] ==> ignore
    arg [-lgcc_s] ==> lib [gcc_s]
    arg [--no-as-needed] ==> ignore
    arg [/usr/lib/gcc/x86_64-linux-gnu/5/crtend.o] ==> ignore
    arg [/usr/lib/gcc/x86_64-linux-gnu/5/../../../x86_64-linux-gnu/crtn.o] ==> ignore
  remove lib [gcc]
  remove lib [gcc_s]
  remove lib [gcc]
  remove lib [gcc_s]
  collapse library dir [/usr/lib/gcc/x86_64-linux-gnu/5] ==> [/usr/lib/gcc/x86_64-linux-gnu/5]
  collapse library dir [/usr/lib/gcc/x86_64-linux-gnu/5/../../../x86_64-linux-gnu] ==> [/usr/lib/x86_64-linux-gnu]
  collapse library dir [/usr/lib/gcc/x86_64-linux-gnu/5/../../../../lib] ==> [/usr/lib]
  collapse library dir [/lib/x86_64-linux-gnu] ==> [/lib/x86_64-linux-gnu]
  collapse library dir [/lib/../lib] ==> [/lib]
  collapse library dir [/usr/lib/x86_64-linux-gnu] ==> [/usr/lib/x86_64-linux-gnu]
  collapse library dir [/usr/lib/../lib] ==> [/usr/lib]
  collapse library dir [/usr/lib/gcc/x86_64-linux-gnu/5/../../..] ==> [/usr/lib]
  implicit libs: [c]
  implicit dirs: [/usr/lib/gcc/x86_64-linux-gnu/5;/usr/lib/x86_64-linux-gnu;/usr/lib;/lib/x86_64-linux-gnu;/lib]
  implicit fwks: []




Detecting C [-std=c11] compiler features compiled with the following output:
Change Dir: /home/bjt/Documents/research/vision/build/CMakeFiles/CMakeTmp

Run Build Command:"/usr/bin/make" "cmTC_3114f/fast"
/usr/bin/make -f CMakeFiles/cmTC_3114f.dir/build.make CMakeFiles/cmTC_3114f.dir/build
make[1]: Entering directory '/home/bjt/Documents/research/vision/build/CMakeFiles/CMakeTmp'
Building C object CMakeFiles/cmTC_3114f.dir/feature_tests.c.o
/usr/bin/cc    -std=c11 -o CMakeFiles/cmTC_3114f.dir/feature_tests.c.o   -c /home/bjt/Documents/research/vision/build/CMakeFiles/feature_tests.c
Linking C executable cmTC_3114f
/usr/bin/cmake -E cmake_link_script CMakeFiles/cmTC_3114f.dir/link.txt --verbose=1
/usr/bin/cc       CMakeFiles/cmTC_3114f.dir/feature_tests.c.o  -o cmTC_3114f -rdynamic 
make[1]: Leaving directory '/home/bjt/Documents/research/vision/build/CMakeFiles/CMakeTmp'


    Feature record: C_FEATURE:1c_function_prototypes
    Feature record: C_FEATURE:1c_restrict
    Feature record: C_FEATURE:1c_static_assert
    Feature record: C_FEATURE:1c_variadic_macros


Detecting C [-std=c99] compiler features compiled with the following output:
Change Dir: /home/bjt/Documents/research/vision/build/CMakeFiles/CMakeTmp

Run Build Command:"/usr/bin/make" "cmTC_b65b4/fast"
/usr/bin/make -f CMakeFiles/cmTC_b65b4.dir/build.make CMakeFiles/cmTC_b65b4.dir/build
make[1]: Entering directory '/home/bjt/Documents/research/vision/build/CMakeFiles/CMakeTmp'
Building C object CMakeFiles/cmTC_b65b4.dir/feature_tests.c.o
/usr/bin/cc    -std=c99 -o CMakeFiles/cmTC_b65b4.dir/feature_tests.c.o   -c /home/bjt/Documents/research/vision/build/CMakeFiles/feature_tests.c
Linking C executable cmTC_b65b4
/usr/bin/cmake -E cmake_link_script CMakeFiles/cmTC_b65b4.dir/link.txt --verbose=1
/usr/bin/cc       CMakeFiles/cmTC_b65b4.dir/feature_tests.c.o  -o cmTC_b65b4 -rdynamic 
make[1]: Leaving directory '/home/bjt/Documents/research/vision/build/CMakeFiles/CMakeTmp'


    Feature record: C_FEATURE:1c_function_prototypes
    Feature record: C_FEATURE:1c_restrict
    Feature record: C_FEATURE:0c_static_assert
    Feature record: C_FEATURE:1c_variadic_macros


Detecting C [-std=c90] compiler features compiled with the following output:
Change Dir: /home/bjt/Documents/research/vision/build/CMakeFiles/CMakeTmp

Run Build Command:"/usr/bin/make" "cmTC_d0bb7/fast"
/usr/bin/make -f CMakeFiles/cmTC_d0bb7.dir/build.make CMakeFiles/cmTC_d0bb7.dir/build
make[1]: Entering directory '/home/bjt/Documents/research/vision/build/CMakeFiles/CMakeTmp'
Building C object CMakeFiles/cmTC_d0bb7.dir/feature_tests.c.o
/usr/bin/cc    -std=c90 -o CMakeFiles/cmTC_d0bb7.dir/feature_tests.c.o   -c /home/bjt/Documents/research/vision/build/CMakeFiles/feature_tests.c
Linking C executable cmTC_d0bb7
/usr/bin/cmake -E cmake_link_script CMakeFiles/cmTC_d0bb7.dir/link.txt --verbose=1
/usr/bin/cc       CMakeFiles/cmTC_d0bb7.dir/feature_tests.c.o  -o cmTC_d0bb7 -rdynamic 
make[1]: Leaving directory '/home/bjt/Documents/research/vision/build/CMakeFiles/CMakeTmp'


    Feature record: C_FEATURE:1c_function_prototypes
    Feature record: C_FEATURE:0c_restrict
    Feature record: C_FEATURE:0c_static_assert
    Feature record: C_FEATURE:0c_variadic_macros
Determining if the CXX compiler works passed with the following output:
Change Dir: /home/bjt/Documents/research/vision/build/CMakeFiles/CMakeTmp

Run Build Command:"/usr/bin/make" "cmTC_d8a4e/fast"
/usr/bin/make -f CMakeFiles/cmTC_d8a4e.dir/build.make CMakeFiles/cmTC_d8a4e.dir/build
make[1]: Entering directory '/home/bjt/Documents/research/vision/build/CMakeFiles/CMakeTmp'
Building CXX object CMakeFiles/cmTC_d8a4e.dir/testCXXCompiler.cxx.o
/usr/bin/c++      -o CMakeFiles/cmTC_d8a4e.dir/testCXXCompiler.cxx.o -c /home/bjt/Documents/research/vision/build/CMakeFiles/CMakeTmp/testCXXCompiler.cxx
Linking CXX executable cmTC_d8a4e
/usr/bin/cmake -E cmake_link_script CMakeFiles/cmTC_d8a4e.dir/link.txt --verbose=1
/usr/bin/c++        CMakeFiles/cmTC_d8a4e.dir/testCXXCompiler.cxx.o  -o cmTC_d8a4e -rdynamic 
make[1]: Leaving directory '/home/bjt/Documents/research/vision/build/CMakeFiles/CMakeTmp'


Detecting CXX compiler ABI info compiled with the following output:
Change Dir: /home/bjt/Documents/research/vision/build/CMakeFiles/CMakeTmp

Run Build Command:"/usr/bin/make" "cmTC_468bd/fast"
/usr/bin/make -f CMakeFiles/cmTC_468bd.dir/build.make CMakeFiles/cmTC_468bd.dir/build
make[1]: Entering directory '/home/bjt/Documents/research/vision/build/CMakeFiles/CMakeTmp'
Building CXX object CMakeFiles/cmTC_468bd.dir/CMakeCXXCompilerABI.cpp.o
/usr/bin/c++      -o CMakeFiles/cmTC_468bd.dir/CMakeCXXCompilerABI.cpp.o -c /usr/share/cmake-3.5/Modules/CMakeCXXCompilerABI.cpp
Linking CXX executable cmTC_468bd
/usr/bin/cmake -E cmake_link_script CMakeFiles/cmTC_468bd.dir/link.txt --verbose=1
/usr/bin/c++       -v CMakeFiles/cmTC_468bd.dir/CMakeCXXCompilerABI.cpp.o  -o cmTC_468bd -rdynamic  
Using built-in specs.
COLLECT_GCC=/usr/bin/c++
COLLECT_LTO_WRAPPER=/usr/lib/gcc/x86_64-linux-gnu/5/lto-wrapper
Target: x86_64-linux-gnu
Configured with: ../src/configure -v --with-pkgversion='Ubuntu 5.4.0-6ubuntu1~16.04.12' --with-bugurl=file:///usr/share/doc/gcc-5/README.Bugs --enable-languages=c,ada,c++,java,go,d,fortran,objc,obj-c++ --prefix=/usr --program-suffix=-5 --enable-shared --enable-linker-build-id --libexecdir=/usr/lib --without-included-gettext --enable-threads=posix --libdir=/usr/lib --enable-nls --with-sysroot=/ --enable-clocale=gnu --enable-libstdcxx-debug --enable-libstdcxx-time=yes --with-default-libstdcxx-abi=new --enable-gnu-unique-object --disable-vtable-verify --enable-libmpx --enable-plugin --with-system-zlib --disable-browser-plugin --enable-java-awt=gtk --enable-gtk-cairo --with-java-home=/usr/lib/jvm/java-1.5.0-gcj-5-amd64/jre --enable-java-home --with-jvm-root-dir=/usr/lib/jvm/java-1.5.0-gcj-5-amd64 --with-jvm-jar-dir=/usr/lib/jvm-exports/java-1.5.0-gcj-5-amd64 --with-arch-directory=amd64 --with-ecj-jar=/usr/share/java/eclipse-ecj.jar --enable-objc-gc --enable-multiarch --disable-werror --with-arch-32=i686 --with-abi=m64 --with-multilib-list=m32,m64,mx32 --enable-multilib --with-tune=generic --enable-checking=release --build=x86_64-linux-gnu --host=x86_64-linux-gnu --target=x86_64-linux-gnu
Thread model: posix
gcc version 5.4.0 20160609 (Ubuntu 5.4.0-6ubuntu1~16.04.12) 
COMPILER_PATH=/usr/lib/gcc/x86_64-linux-gnu/5/:/usr/lib/gcc/x86_64-linux-gnu/5/:/usr/lib/gcc/x86_64-linux-gnu/:/usr/lib/gcc/x86_64-linux-gnu/5/:/usr/lib/gcc/x86_64-linux-gnu/
LIBRARY_PATH=/usr/lib/gcc/x86_64-linux-gnu/5/:/usr/lib/gcc/x86_64-linux-gnu/5/../../../x86_64-linux-gnu/:/usr/lib/gcc/x86_64-linux-gnu/5/../../../../lib/:/lib/x86_64-linux-gnu/:/lib/../lib/:/usr/lib/x86_64-linux-gnu/:/usr/lib/../lib/:/usr/lib/gcc/x86_64-linux-gnu/5/../../../:/lib/:/usr/lib/
COLLECT_GCC_OPTIONS='-v' '-o' 'cmTC_468bd' '-rdynamic' '-shared-libgcc' '-mtune=generic' '-march=x86-64'
 /usr/lib/gcc/x86_64-linux-gnu/5/collect2 -plugin /usr/lib/gcc/x86_64-linux-gnu/5/liblto_plugin.so -plugin-opt=/usr/lib/gcc/x86_64-linux-gnu/5/lto-wrapper -plugin-opt=-fresolution=/tmp/ccNF7VWz.res -plugin-opt=-pass-through=-lgcc_s -plugin-opt=-pass-through=-lgcc -plugin-opt=-pass-through=-lc -plugin-opt=-pass-through=-lgcc_s -plugin-opt=-pass-through=-lgcc --sysroot=/ --build-id --eh-frame-hdr -m elf_x86_64 --hash-style=gnu --as-needed -export-dynamic -dynamic-linker /lib64/ld-linux-x86-64.so.2 -z relro -o cmTC_468bd /usr/lib/gcc/x86_64-linux-gnu/5/../../../x86_64-linux-gnu/crt1.o /usr/lib/gcc/x86_64-linux-gnu/5/../../../x86_64-linux-gnu/crti.o /usr/lib/gcc/x86_64-linux-gnu/5/crtbegin.o -L/usr/lib/gcc/x86_64-linux-gnu/5 -L/usr/lib/gcc/x86_64-linux-gnu/5/../../../x86_64-linux-gnu -L/usr/lib/gcc/x86_64-linux-gnu/5/../../../../lib -L/lib/x86_64-linux-gnu -L/lib/../lib -L/usr/lib/x86_64-linux-gnu -L/usr/lib/../lib -L/usr/lib/gcc/x86_64-linux-gnu/5/../../.. CMakeFiles/cmTC_468bd.dir/CMakeCXXCompilerABI.cpp.o -lstdc++ -lm -lgcc_s -lgcc -lc -lgcc_s -lgcc /usr/lib/gcc/x86_64-linux-gnu/5/crtend.o /usr/lib/gcc/x86_64-linux-gnu/5/../../../x86_64-linux-gnu/crtn.o
make[1]: Leaving directory '/home/bjt/Documents/research/vision/build/CMakeFiles/CMakeTmp'


Parsed CXX implicit link information from above output:
  link line regex: [^( *|.*[/\])(ld|([^/\]+-)?ld|collect2)[^/\]*( |$)]
  ignore line: [Change Dir: /home/bjt/Documents/research/vision/build/CMakeFiles/CMakeTmp]
  ignore line: []
  ignore line: [Run Build Command:"/usr/bin/make" "cmTC_468bd/fast"]
  ignore line: [/usr/bin/make -f CMakeFiles/cmTC_468bd.dir/build.make CMakeFiles/cmTC_468bd.dir/build]
  ignore line: [make[1]: Entering directory '/home/bjt/Documents/research/vision/build/CMakeFiles/CMakeTmp']
  ignore line: [Building CXX object CMakeFiles/cmTC_468bd.dir/CMakeCXXCompilerABI.cpp.o]
  ignore line: [/usr/bin/c++      -o CMakeFiles/cmTC_468bd.dir/CMakeCXXCompilerABI.cpp.o -c /usr/share/cmake-3.5/Modules/CMakeCXXCompilerABI.cpp]
  ignore line: [Linking CXX executable cmTC_468bd]
  ignore line: [/usr/bin/cmake -E cmake_link_script CMakeFiles/cmTC_468bd.dir/link.txt --verbose=1]
  ignore line: [/usr/bin/c++       -v CMakeFiles/cmTC_468bd.dir/CMakeCXXCompilerABI.cpp.o  -o cmTC_468bd -rdynamic  ]
  ignore line: [Using built-in specs.]
  ignore line: [COLLECT_GCC=/usr/bin/c++]
  ignore line: [COLLECT_LTO_WRAPPER=/usr/lib/gcc/x86_64-linux-gnu/5/lto-wrapper]
  ignore line: [Target: x86_64-linux-gnu]
  ignore line: [Configured with: ../src/configure -v --with-pkgversion='Ubuntu 5.4.0-6ubuntu1~16.04.12' --with-bugurl=file:///usr/share/doc/gcc-5/README.Bugs --enable-languages=c,ada,c++,java,go,d,fortran,objc,obj-c++ --prefix=/usr --program-suffix=-5 --enable-shared --enable-linker-build-id --libexecdir=/usr/lib --without-included-gettext --enable-threads=posix --libdir=/usr/lib --enable-nls --with-sysroot=/ --enable-clocale=gnu --enable-libstdcxx-debug --enable-libstdcxx-time=yes --with-default-libstdcxx-abi=new --enable-gnu-unique-object --disable-vtable-verify --enable-libmpx --enable-plugin --with-system-zlib --disable-browser-plugin --enable-java-awt=gtk --enable-gtk-cairo --with-java-home=/usr/lib/jvm/java-1.5.0-gcj-5-amd64/jre --enable-java-home --with-jvm-root-dir=/usr/lib/jvm/java-1.5.0-gcj-5-amd64 --with-jvm-jar-dir=/usr/lib/jvm-exports/java-1.5.0-gcj-5-amd64 --with-arch-directory=amd64 --with-ecj-jar=/usr/share/java/eclipse-ecj.jar --enable-objc-gc --enable-multiarch --disable-werror --with-arch-32=i686 --with-abi=m64 --with-multilib-list=m32,m64,mx32 --enable-multilib --with-tune=generic --enable-checking=release --build=x86_64-linux-gnu --host=x86_64-linux-gnu --target=x86_64-linux-gnu]
  ignore line: [Thread model: posix]
  ignore line: [gcc version 5.4.0 20160609 (Ubuntu 5.4.0-6ubuntu1~16.04.12) ]
  ignore line: [COMPILER_PATH=/usr/lib/gcc/x86_64-linux-gnu/5/:/usr/lib/gcc/x86_64-linux-gnu/5/:/usr/lib/gcc/x86_64-linux-gnu/:/usr/lib/gcc/x86_64-linux-gnu/5/:/usr/lib/gcc/x86_64-linux-gnu/]
  ignore line: [LIBRARY_PATH=/usr/lib/gcc/x86_64-linux-gnu/5/:/usr/lib/gcc/x86_64-linux-gnu/5/../../../x86_64-linux-gnu/:/usr/lib/gcc/x86_64-linux-gnu/5/../../../../lib/:/lib/x86_64-linux-gnu/:/lib/../lib/:/usr/lib/x86_64-linux-gnu/:/usr/lib/../lib/:/usr/lib/gcc/x86_64-linux-gnu/5/../../../:/lib/:/usr/lib/]
  ignore line: [COLLECT_GCC_OPTIONS='-v' '-o' 'cmTC_468bd' '-rdynamic' '-shared-libgcc' '-mtune=generic' '-march=x86-64']
  link line: [ /usr/lib/gcc/x86_64-linux-gnu/5/collect2 -plugin /usr/lib/gcc/x86_64-linux-gnu/5/liblto_plugin.so -plugin-opt=/usr/lib/gcc/x86_64-linux-gnu/5/lto-wrapper -plugin-opt=-fresolution=/tmp/ccNF7VWz.res -plugin-opt=-pass-through=-lgcc_s -plugin-opt=-pass-through=-lgcc -plugin-opt=-pass-through=-lc -plugin-opt=-pass-through=-lgcc_s -plugin-opt=-pass-through=-lgcc --sysroot=/ --build-id --eh-frame-hdr -m elf_x86_64 --hash-style=gnu --as-needed -export-dynamic -dynamic-linker /lib64/ld-linux-x86-64.so.2 -z relro -o cmTC_468bd /usr/lib/gcc/x86_64-linux-gnu/5/../../../x86_64-linux-gnu/crt1.o /usr/lib/gcc/x86_64-linux-gnu/5/../../../x86_64-linux-gnu/crti.o /usr/lib/gcc/x86_64-linux-gnu/5/crtbegin.o -L/usr/lib/gcc/x86_64-linux-gnu/5 -L/usr/lib/gcc/x86_64-linux-gnu/5/../../../x86_64-linux-gnu -L/usr/lib/gcc/x86_64-linux-gnu/5/../../../../lib -L/lib/x86_64-linux-gnu -L/lib/../lib -L/usr/lib/x86_64-linux-gnu -L/usr/lib/../lib -L/usr/lib/gcc/x86_64-linux-gnu/5/../../.. CMakeFiles/cmTC_468bd.dir/CMakeCXXCompilerABI.cpp.o -lstdc++ -lm -lgcc_s -lgcc -lc -lgcc_s -lgcc /usr/lib/gcc/x86_64-linux-gnu/5/crtend.o /usr/lib/gcc/x86_64-linux-gnu/5/../../../x86_64-linux-gnu/crtn.o]
    arg [/usr/lib/gcc/x86_64-linux-gnu/5/collect2] ==> ignore
    arg [-plugin] ==> ignore
    arg [/usr/lib/gcc/x86_64-linux-gnu/5/liblto_plugin.so] ==> ignore
    arg [-plugin-opt=/usr/lib/gcc/x86_64-linux-gnu/5/lto-wrapper] ==> ignore
    arg [-plugin-opt=-fresolution=/tmp/ccNF7VWz.res] ==> ignore
    arg [-plugin-opt=-pass-through=-lgcc_s] ==> ignore
    arg [-plugin-opt=-pass-through=-lgcc] ==> ignore
    arg [-plugin-opt=-pass-through=-lc] ==> ignore
    arg [-plugin-opt=-pass-through=-lgcc_s] ==> ignore
    arg [-plugin-opt=-pass-through=-lgcc] ==> ignore
    arg [--sysroot=/] ==> ignore
    arg [--build-id] ==> ignore
    arg [--eh-frame-hdr] ==> ignore
    arg [-m] ==> ignore
    arg [elf_x86_64] ==> ignore
    arg [--hash-style=gnu] ==> ignore
    arg [--as-needed] ==> ignore
    arg [-export-dynamic] ==> ignore
    arg [-dynamic-linker] ==> ignore
    arg [/lib64/ld-linux-x86-64.so.2] ==> ignore
    arg [-zrelro] ==> ignore
    arg [-o] ==> ignore
    arg [cmTC_468bd] ==> ignore
    arg [/usr/lib/gcc/x86_64-linux-gnu/5/../../../x86_64-linux-gnu/crt1.o] ==> ignore
    arg [/usr/lib/gcc/x86_64-linux-gnu/5/../../../x86_64-linux-gnu/crti.o] ==> ignore
    arg [/usr/lib/gcc/x86_64-linux-gnu/5/crtbegin.o] ==> ignore
    arg [-L/usr/lib/gcc/x86_64-linux-gnu/5] ==> dir [/usr/lib/gcc/x86_64-linux-gnu/5]
    arg [-L/usr/lib/gcc/x86_64-linux-gnu/5/../../../x86_64-linux-gnu] ==> dir [/usr/lib/gcc/x86_64-linux-gnu/5/../../../x86_64-linux-gnu]
    arg [-L/usr/lib/gcc/x86_64-linux-gnu/5/../../../../lib] ==> dir [/usr/lib/gcc/x86_64-linux-gnu/5/../../../../lib]
    arg [-L/lib/x86_64-linux-gnu] ==> dir [/lib/x86_64-linux-gnu]
    arg [-L/lib/../lib] ==> dir [/lib/../lib]
    arg [-L/usr/lib/x86_64-linux-gnu] ==> dir [/usr/lib/x86_64-linux-gnu]
    arg [-L/usr/lib/../lib] ==> dir [/usr/lib/../lib]
    arg [-L/usr/lib/gcc/x86_64-linux-gnu/5/../../..] ==> dir [/usr/lib/gcc/x86_64-linux-gnu/5/../../..]
    arg [CMakeFiles/cmTC_468bd.dir/CMakeCXXCompilerABI.cpp.o] ==> ignore
    arg [-lstdc++] ==> lib [stdc++]
    arg [-lm] ==> lib [m]
    arg [-lgcc_s] ==> lib [gcc_s]
    arg [-lgcc] ==> lib [gcc]
    arg [-lc] ==> lib [c]
    arg [-lgcc_s] ==> lib [gcc_s]
    arg [-lgcc] ==> lib [gcc]
    arg [/usr/lib/gcc/x86_64-linux-gnu/5/crtend.o] ==> ignore
    arg [/usr/lib/gcc/x86_64-linux-gnu/5/../../../x86_64-linux-gnu/crtn.o] ==> ignore
  remove lib [gcc_s]
  remove lib [gcc]
  remove lib [gcc_s]
  remove lib [gcc]
  collapse library dir [/usr/lib/gcc/x86_64-linux-gnu/5] ==> [/usr/lib/gcc/x86_64-linux-gnu/5]
  collapse library dir [/usr/lib/gcc/x86_64-linux-gnu/5/../../../x86_64-linux-gnu] ==> [/usr/lib/x86_64-linux-gnu]
  collapse library dir [/usr/lib/gcc/x86_64-linux-gnu/5/../../../../lib] ==> [/usr/lib]
  collapse library dir [/lib/x86_64-linux-gnu] ==> [/lib/x86_64-linux-gnu]
  collapse library dir [/lib/../lib] ==> [/lib]
  collapse library dir [/usr/lib/x86_64-linux-gnu] ==> [/usr/lib/x86_64-linux-gnu]
  collapse library dir [/usr/lib/../lib] ==> [/usr/lib]
  collapse library dir [/usr/lib/gcc/x86_64-linux-gnu/5/../../..] ==> [/usr/lib]
  implicit libs: [stdc++;m;c]
  implicit dirs: [/usr/lib/gcc/x86_64-linux-gnu/5;/usr/lib/x86_64-linux-gnu;/usr/lib;/lib/x86_64-linux-gnu;/lib]
  implicit fwks: []




Detecting CXX [-std=c++14] compiler features compiled with the following output:
Change Dir: /home/bjt/Documents/research/vision/build/CMakeFiles/CMakeTmp

Run Build Command:"/usr/bin/make" "cmTC_a19bc/fast"
/usr/bin/make -f CMakeFiles/cmTC_a19bc.dir/build.make CMakeFiles/cmTC_a19bc.dir/build
make[1]: Entering directory '/home/bjt/Documents/research/vision/build/CMakeFiles/CMakeTmp'
Building CXX object CMakeFiles/cmTC_a19bc.dir/feature_tests.cxx.o
/usr/bin/c++     -std=c++14 -o CMakeFiles/cmTC_a19bc.dir/feature_tests.cxx.o -c /home/bjt/Documents/research/vision/build/CMakeFiles/feature_tests.cxx
Linking CXX executable cmTC_a19bc
/usr/bin/cmake -E cmake_link_script CMakeFiles/cmTC_a19bc.dir/link.txt --verbose=1
/usr/bin/c++        CMakeFiles/cmTC_a19bc.dir/feature_tests.cxx.o  -o cmTC_a19bc -rdynamic 
make[1]: Leaving directory '/home/bjt/Documents/research/vision/build/CMakeFiles/CMakeTmp'


    Feature record: CXX_FEATURE:1cxx_aggregate_default_initializers
    Feature record: CXX_FEATURE:1cxx_alias_templates
    Feature record: CXX_FEATURE:1cxx_alignas
    Feature record: CXX_FEATURE:1cxx_alignof
    Feature record: CXX_FEATURE:1cxx_attributes
    Feature record: CXX_FEATURE:1cxx_attribute_deprecated
    Feature record: CXX_FEATURE:1cxx_auto_type
    Feature record: CXX_FEATURE:1cxx_binary_literals
    Feature record: CXX_FEATURE:1cxx_constexpr
    Feature record: CXX_FEATURE:1cxx_contextual_conversions
    Feature record: CXX_FEATURE:1cxx_decltype
    Feature record: CXX_FEATURE:1cxx_decltype_auto
    Feature record: CXX_FEATURE:1cxx_decltype_incomplete_return_types
    Feature record: CXX_FEATURE:1cxx_default_function_template_args
    Feature record: CXX_FEATURE:1cxx_defaulted_functions
    Feature record: CXX_FEATURE:1cxx_defaulted_move_initializers
    Feature record: CXX_FEATURE:1cxx_delegating_constructors
    Feature record: CXX_FEATURE:1cxx_deleted_functions
    Feature record: CXX_FEATURE:1cxx_digit_separators
    Feature record: CXX_FEATURE:1cxx_enum_forward_declarations
    Feature record: CXX_FEATURE:1cxx_explicit_conversions
    Feature record: CXX_FEATURE:1cxx_extended_friend_declarations
    Feature record: CXX_FEATURE:1cxx_extern_templates
    Feature record: CXX_FEATURE:1cxx_final
    Feature record: CXX_FEATURE:1cxx_func_identifier
    Feature record: CXX_FEATURE:1cxx_generalized_initializers
    Feature record: CXX_FEATURE:1cxx_generic_lambdas
    Feature record: CXX_FEATURE:1cxx_inheriting_constructors
    Feature record: CXX_FEATURE:1cxx_inline_namespaces
    Feature record: CXX_FEATURE:1cxx_lambdas
    Feature record: CXX_FEATURE:1cxx_lambda_init_captures
    Feature record: CXX_FEATURE:1cxx_local_type_template_args
    Feature record: CXX_FEATURE:1cxx_long_long_type
    Feature record: CXX_FEATURE:1cxx_noexcept
    Feature record: CXX_FEATURE:1cxx_nonstatic_member_init
    Feature record: CXX_FEATURE:1cxx_nullptr
    Feature record: CXX_FEATURE:1cxx_override
    Feature record: CXX_FEATURE:1cxx_range_for
    Feature record: CXX_FEATURE:1cxx_raw_string_literals
    Feature record: CXX_FEATURE:1cxx_reference_qualified_functions
    Feature record: CXX_FEATURE:1cxx_relaxed_constexpr
    Feature record: CXX_FEATURE:1cxx_return_type_deduction
    Feature record: CXX_FEATURE:1cxx_right_angle_brackets
    Feature record: CXX_FEATURE:1cxx_rvalue_references
    Feature record: CXX_FEATURE:1cxx_sizeof_member
    Feature record: CXX_FEATURE:1cxx_static_assert
    Feature record: CXX_FEATURE:1cxx_strong_enums
    Feature record: CXX_FEATURE:1cxx_template_template_parameters
    Feature record: CXX_FEATURE:1cxx_thread_local
    Feature record: CXX_FEATURE:1cxx_trailing_return_types
    Feature record: CXX_FEATURE:1cxx_unicode_literals
    Feature record: CXX_FEATURE:1cxx_uniform_initialization
    Feature record: CXX_FEATURE:1cxx_unrestricted_unions
    Feature record: CXX_FEATURE:1cxx_user_literals
    Feature record: CXX_FEATURE:1cxx_variable_templates
    Feature record: CXX_FEATURE:1cxx_variadic_macros
    Feature record: CXX_FEATURE:1cxx_variadic_templates


Detecting CXX [-std=c++11] compiler features compiled with the following output:
Change Dir: /home/bjt/Documents/research/vision/build/CMakeFiles/CMakeTmp

Run Build Command:"/usr/bin/make" "cmTC_c01c4/fast"
/usr/bin/make -f CMakeFiles/cmTC_c01c4.dir/build.make CMakeFiles/cmTC_c01c4.dir/build
make[1]: Entering directory '/home/bjt/Documents/research/vision/build/CMakeFiles/CMakeTmp'
Building CXX object CMakeFiles/cmTC_c01c4.dir/feature_tests.cxx.o
/usr/bin/c++     -std=c++11 -o CMakeFiles/cmTC_c01c4.dir/feature_tests.cxx.o -c /home/bjt/Documents/research/vision/build/CMakeFiles/feature_tests.cxx
Linking CXX executable cmTC_c01c4
/usr/bin/cmake -E cmake_link_script CMakeFiles/cmTC_c01c4.dir/link.txt --verbose=1
/usr/bin/c++        CMakeFiles/cmTC_c01c4.dir/feature_tests.cxx.o  -o cmTC_c01c4 -rdynamic 
make[1]: Leaving directory '/home/bjt/Documents/research/vision/build/CMakeFiles/CMakeTmp'


    Feature record: CXX_FEATURE:0cxx_aggregate_default_initializers
    Feature record: CXX_FEATURE:1cxx_alias_templates
    Feature record: CXX_FEATURE:1cxx_alignas
    Feature record: CXX_FEATURE:1cxx_alignof
    Feature record: CXX_FEATURE:1cxx_attributes
    Feature record: CXX_FEATURE:0cxx_attribute_deprecated
    Feature record: CXX_FEATURE:1cxx_auto_type
    Feature record: CXX_FEATURE:0cxx_binary_literals
    Feature record: CXX_FEATURE:1cxx_constexpr
    Feature record: CXX_FEATURE:0cxx_contextual_conversions
    Feature record: CXX_FEATURE:1cxx_decltype
    Feature record: CXX_FEATURE:0cxx_decltype_auto
    Feature record: CXX_FEATURE:1cxx_decltype_incomplete_return_types
    Feature record: CXX_FEATURE:1cxx_default_function_template_args
    Feature record: CXX_FEATURE:1cxx_defaulted_functions
    Feature record: CXX_FEATURE:1cxx_defaulted_move_initializers
    Feature record: CXX_FEATURE:1cxx_delegating_constructors
    Feature record: CXX_FEATURE:1cxx_deleted_functions
    Feature record: CXX_FEATURE:0cxx_digit_separators
    Feature record: CXX_FEATURE:1cxx_enum_forward_declarations
    Feature record: CXX_FEATURE:1cxx_explicit_conversions
    Feature record: CXX_FEATURE:1cxx_extended_friend_declarations
    Feature record: CXX_FEATURE:1cxx_extern_templates
    Feature record: CXX_FEATURE:1cxx_final
    Feature record: CXX_FEATURE:1cxx_func_identifier
    Feature record: CXX_FEATURE:1cxx_generalized_initializers
    Feature record: CXX_FEATURE:0cxx_generic_lambdas
    Feature record: CXX_FEATURE:1cxx_inheriting_constructors
    Feature record: CXX_FEATURE:1cxx_inline_namespaces
    Feature record: CXX_FEATURE:1cxx_lambdas
    Feature record: CXX_FEATURE:0cxx_lambda_init_captures
    Feature record: CXX_FEATURE:1cxx_local_type_template_args
    Feature record: CXX_FEATURE:1cxx_long_long_type
    Feature record: CXX_FEATURE:1cxx_noexcept
    Feature record: CXX_FEATURE:1cxx_nonstatic_member_init
    Feature record: CXX_FEATURE:1cxx_nullptr
    Feature record: CXX_FEATURE:1cxx_override
    Feature record: CXX_FEATURE:1cxx_range_for
    Feature record: CXX_FEATURE:1cxx_raw_string_literals
    Feature record: CXX_FEATURE:1cxx_reference_qualified_functions
    Feature record: CXX_FEATURE:0cxx_relaxed_constexpr
    Feature record: CXX_FEATURE:0cxx_return_type_deduction
    Feature record: CXX_FEATURE:1cxx_right_angle_brackets
    Feature record: CXX_FEATURE:1cxx_rvalue_references
    Feature record: CXX_FEATURE:1cxx_sizeof_member
    Feature record: CXX_FEATURE:1cxx_static_assert
    Feature record: CXX_FEATURE:1cxx_strong_enums
    Feature record: CXX_FEATURE:1cxx_template_template_parameters
    Feature record: CXX_FEATURE:1cxx_thread_local
    Feature record: CXX_FEATURE:1cxx_trailing_return_types
    Feature record: CXX_FEATURE:1cxx_unicode_literals
    Feature record: CXX_FEATURE:1cxx_uniform_initialization
    Feature record: CXX_FEATURE:1cxx_unrestricted_unions
    Feature record: CXX_FEATURE:1cxx_user_literals
    Feature record: CXX_FEATURE:0cxx_variable_templates
    Feature record: CXX_FEATURE:1cxx_variadic_macros
    Feature record: CXX_FEATURE:1cxx_variadic_templates


Detecting CXX [-std=c++98] compiler features compiled with the following output:
Change Dir: /home/bjt/Documents/research/vision/build/CMakeFiles/CMakeTmp

Run Build Command:"/usr/bin/make" "cmTC_be0ce/fast"
/usr/bin/make -f CMakeFiles/cmTC_be0ce.dir/build.make CMakeFiles/cmTC_be0ce.dir/build
make[1]: Entering directory '/home/bjt/Documents/research/vision/build/CMakeFiles/CMakeTmp'
Building CXX object CMakeFiles/cmTC_be0ce.dir/feature_tests.cxx.o
/usr/bin/c++     -std=c++98 -o CMakeFiles/cmTC_be0ce.dir/feature_tests.cxx.o -c /home/bjt/Documents/research/vision/build/CMakeFiles/feature_tests.cxx
Linking CXX executable cmTC_be0ce
/usr/bin/cmake -E cmake_link_script CMakeFiles/cmTC_be0ce.dir/link.txt --verbose=1
/usr/bin/c++        CMakeFiles/cmTC_be0ce.dir/feature_tests.cxx.o  -o cmTC_be0ce -rdynamic 
make[1]: Leaving directory '/home/bjt/Documents/research/vision/build/CMakeFiles/CMakeTmp'


    Feature record: CXX_FEATURE:0cxx_aggregate_default_initializers
    Feature record: CXX_FEATURE:0cxx_alias_templates
    Feature record: CXX_FEATURE:0cxx_alignas
    Feature record: CXX_FEATURE:0cxx_alignof
    Feature record: CXX_FEATURE:0cxx_attributes
    Feature record: CXX_FEATURE:0cxx_attribute_deprecated
    Feature record: CXX_FEATURE:0cxx_auto_type
    Feature record: CXX_FEATURE:0cxx_binary_literals
    Feature record: CXX_FEATURE:0cxx_constexpr
    Feature record: CXX_FEATURE:0cxx_contextual_conversions
    Feature record: CXX_FEATURE:0cxx_decltype
    Feature record: CXX_FEATURE:0cxx_decltype_auto
    Feature record: CXX_FEATURE:0cxx_decltype_incomplete_return_types
    Feature record: CXX_FEATURE:0cxx_default_function_template_args
    Feature record: CXX_FEATURE:0cxx_defaulted_functions
    Feature record: CXX_FEATURE:0cxx_defaulted_move_initializers
    Feature record: CXX_FEATURE:0cxx_delegating_constructors
    Feature record: CXX_FEATURE:0cxx_deleted_functions
    Feature record: CXX_FEATURE:0cxx_digit_separators
    Feature record: CXX_FEATURE:0cxx_enum_forward_declarations
    Feature record: CXX_FEATURE:0cxx_explicit_conversions
    Feature record: CXX_FEATURE:0cxx_extended_friend_declarations
    Feature record: CXX_FEATURE:0cxx_extern_templates
    Feature record: CXX_FEATURE:0cxx_final
    Feature record: CXX_FEATURE:0cxx_func_identifier
    Feature record: CXX_FEATURE:0cxx_generalized_initializers
    Feature record: CXX_FEATURE:0cxx_generic_lambdas
    Feature record: CXX_FEATURE:0cxx_inheriting_constructors
    Feature record: CXX_FEATURE:0cxx_inline_namespaces
    Feature record: CXX_FEATURE:0cxx_lambdas
    Feature record: CXX_FEATURE:0cxx_lambda_init_captures
    Feature record: CXX_FEATURE:0cxx_local_type_template_args
    Feature record: CXX_FEATURE:0cxx_long_long_type
    Feature record: CXX_FEATURE:0cxx_noexcept
    Feature record: CXX_FEATURE:0cxx_nonstatic_member_init
    Feature record: CXX_FEATURE:0cxx_nullptr
    Feature record: CXX_FEATURE:0cxx_override
    Feature record: CXX_FEATURE:0cxx_range_for
    Feature record: CXX_FEATURE:0cxx_raw_string_literals
    Feature record: CXX_FEATURE:0cxx_reference_qualified_functions
    Feature record: CXX_FEATURE:0cxx_relaxed_constexpr
    Feature record: CXX_FEATURE:0cxx_return_type_deduction
    Feature record: CXX_FEATURE:0cxx_right_angle_brackets
    Feature record: CXX_FEATURE:0cxx_rvalue_references
    Feature record: CXX_FEATURE:0cxx_sizeof_member
    Feature record: CXX_FEATURE:0cxx_static_assert
    Feature record: CXX_FEATURE:0cxx_strong_enums
    Feature record: CXX_FEATURE:1cxx_template_template_parameters
    Feature record: CXX_FEATURE:0cxx_thread_local
    Feature record: CXX_FEATURE:0cxx_trailing_return_types
    Feature record: CXX_FEATURE:0cxx_unicode_literals
    Feature record: CXX_FEATURE:0cxx_uniform_initialization
    Feature record: CXX_FEATURE:0cxx_unrestricted_unions
    Feature record: CXX_FEATURE:0cxx_user_literals
    Feature record: CXX_FEATURE:0cxx_variable_templates
    Feature record: CXX_FEATURE:0cxx_variadic_macros
    Feature record: CXX_FEATURE:0cxx_variadic_templates
Performing C++ SOURCE FILE Test EIGEN_COMPILER_SUPPORT_CPP11 succeeded with the following output:
Change Dir: /home/bjt/Documents/research/vision/build/CMakeFiles/CMakeTmp

Run Build Command:"/usr/bin/make" "cmTC_64c29/fast"
make[1]: Entering directory '/home/bjt/Documents/research/vision/build/CMakeFiles/CMakeTmp'
/usr/bin/make -f CMakeFiles/cmTC_64c29.dir/build.make CMakeFiles/cmTC_64c29.dir/build
make[2]: Entering directory '/home/bjt/Documents/research/vision/build/CMakeFiles/CMakeTmp'
Building CXX object CMakeFiles/cmTC_64c29.dir/src.cxx.o
/usr/bin/c++     -DEIGEN_COMPILER_SUPPORT_CPP11   -std=c++11 -o CMakeFiles/cmTC_64c29.dir/src.cxx.o -c /home/bjt/Documents/research/vision/build/CMakeFiles/CMakeTmp/src.cxx
Linking CXX executable cmTC_64c29
/usr/bin/cmake -E cmake_link_script CMakeFiles/cmTC_64c29.dir/link.txt --verbose=1
/usr/bin/c++    -DEIGEN_COMPILER_SUPPORT_CPP11    CMakeFiles/cmTC_64c29.dir/src.cxx.o  -o cmTC_64c29 -rdynamic 
make[2]: Leaving directory '/home/bjt/Documents/research/vision/build/CMakeFiles/CMakeTmp'
make[1]: Leaving directory '/home/bjt/Documents/research/vision/build/CMakeFiles/CMakeTmp'

Source file was:
int main() { return 0; }
Performing C++ SOURCE FILE Test COMPILER_SUPPORT_std=cpp03 succeeded with the following output:
Change Dir: /home/bjt/Documents/research/vision/build/CMakeFiles/CMakeTmp

Run Build Command:"/usr/bin/make" "cmTC_7dbae/fast"
make[1]: Entering directory '/home/bjt/Documents/research/vision/build/CMakeFiles/CMakeTmp'
/usr/bin/make -f CMakeFiles/cmTC_7dbae.dir/build.make CMakeFiles/cmTC_7dbae.dir/build
make[2]: Entering directory '/home/bjt/Documents/research/vision/build/CMakeFiles/CMakeTmp'
Building CXX object CMakeFiles/cmTC_7dbae.dir/src.cxx.o
/usr/bin/c++     -DCOMPILER_SUPPORT_std=cpp03   -std=c++03 -o CMakeFiles/cmTC_7dbae.dir/src.cxx.o -c /home/bjt/Documents/research/vision/build/CMakeFiles/CMakeTmp/src.cxx
Linking CXX executable cmTC_7dbae
/usr/bin/cmake -E cmake_link_script CMakeFiles/cmTC_7dbae.dir/link.txt --verbose=1
/usr/bin/c++    -DCOMPILER_SUPPORT_std=cpp03    CMakeFiles/cmTC_7dbae.dir/src.cxx.o  -o cmTC_7dbae -rdynamic 
make[2]: Leaving directory '/home/bjt/Documents/research/vision/build/CMakeFiles/CMakeTmp'
make[1]: Leaving directory '/home/bjt/Documents/research/vision/build/CMakeFiles/CMakeTmp'

Source file was:
int main() { return 0; }
Performing C++ SOURCE FILE Test standard_math_library_linked_to_automatically succeeded with the following output:
Change Dir: /home/bjt/Documents/research/vision/build/CMakeFiles/CMakeTmp

Run Build Command:"/usr/bin/make" "cmTC_b8ea5/fast"
make[1]: Entering directory '/home/bjt/Documents/research/vision/build/CMakeFiles/CMakeTmp'
/usr/bin/make -f CMakeFiles/cmTC_b8ea5.dir/build.make CMakeFiles/cmTC_b8ea5.dir/build
make[2]: Entering directory '/home/bjt/Documents/research/vision/build/CMakeFiles/CMakeTmp'
Building CXX object CMakeFiles/cmTC_b8ea5.dir/src.cxx.o
/usr/bin/c++     -std=c++03 -Dstandard_math_library_linked_to_automatically   -o CMakeFiles/cmTC_b8ea5.dir/src.cxx.o -c /home/bjt/Documents/research/vision/build/CMakeFiles/CMakeTmp/src.cxx
Linking CXX executable cmTC_b8ea5
/usr/bin/cmake -E cmake_link_script CMakeFiles/cmTC_b8ea5.dir/link.txt --verbose=1
/usr/bin/c++    -std=c++03 -Dstandard_math_library_linked_to_automatically    CMakeFiles/cmTC_b8ea5.dir/src.cxx.o  -o cmTC_b8ea5 -rdynamic 
make[2]: Leaving directory '/home/bjt/Documents/research/vision/build/CMakeFiles/CMakeTmp'
make[1]: Leaving directory '/home/bjt/Documents/research/vision/build/CMakeFiles/CMakeTmp'

Source file was:
#include<cmath>
int main() { std::sin(0.0); std::log(0.0f); }
Performing C++ SOURCE FILE Test COMPILER_SUPPORT_WERROR succeeded with the following output:
Change Dir: /home/bjt/Documents/research/vision/build/CMakeFiles/CMakeTmp

Run Build Command:"/usr/bin/make" "cmTC_aa3ab/fast"
make[1]: Entering directory '/home/bjt/Documents/research/vision/build/CMakeFiles/CMakeTmp'
/usr/bin/make -f CMakeFiles/cmTC_aa3ab.dir/build.make CMakeFiles/cmTC_aa3ab.dir/build
make[2]: Entering directory '/home/bjt/Documents/research/vision/build/CMakeFiles/CMakeTmp'
Building CXX object CMakeFiles/cmTC_aa3ab.dir/src.cxx.o
/usr/bin/c++     -std=c++03 -DCOMPILER_SUPPORT_WERROR   -Werror -o CMakeFiles/cmTC_aa3ab.dir/src.cxx.o -c /home/bjt/Documents/research/vision/build/CMakeFiles/CMakeTmp/src.cxx
Linking CXX executable cmTC_aa3ab
/usr/bin/cmake -E cmake_link_script CMakeFiles/cmTC_aa3ab.dir/link.txt --verbose=1
/usr/bin/c++    -std=c++03 -DCOMPILER_SUPPORT_WERROR    CMakeFiles/cmTC_aa3ab.dir/src.cxx.o  -o cmTC_aa3ab -rdynamic 
make[2]: Leaving directory '/home/bjt/Documents/research/vision/build/CMakeFiles/CMakeTmp'
make[1]: Leaving directory '/home/bjt/Documents/research/vision/build/CMakeFiles/CMakeTmp'

Source file was:
int main() { return 0; }
Performing C++ SOURCE FILE Test COMPILER_SUPPORT_pedantic succeeded with the following output:
Change Dir: /home/bjt/Documents/research/vision/build/CMakeFiles/CMakeTmp

Run Build Command:"/usr/bin/make" "cmTC_3d330/fast"
make[1]: Entering directory '/home/bjt/Documents/research/vision/build/CMakeFiles/CMakeTmp'
/usr/bin/make -f CMakeFiles/cmTC_3d330.dir/build.make CMakeFiles/cmTC_3d330.dir/build
make[2]: Entering directory '/home/bjt/Documents/research/vision/build/CMakeFiles/CMakeTmp'
Building CXX object CMakeFiles/cmTC_3d330.dir/src.cxx.o
/usr/bin/c++     -std=c++03 -DCOMPILER_SUPPORT_pedantic -Werror   -pedantic -o CMakeFiles/cmTC_3d330.dir/src.cxx.o -c /home/bjt/Documents/research/vision/build/CMakeFiles/CMakeTmp/src.cxx
Linking CXX executable cmTC_3d330
/usr/bin/cmake -E cmake_link_script CMakeFiles/cmTC_3d330.dir/link.txt --verbose=1
/usr/bin/c++    -std=c++03 -DCOMPILER_SUPPORT_pedantic -Werror    CMakeFiles/cmTC_3d330.dir/src.cxx.o  -o cmTC_3d330 -rdynamic 
make[2]: Leaving directory '/home/bjt/Documents/research/vision/build/CMakeFiles/CMakeTmp'
make[1]: Leaving directory '/home/bjt/Documents/research/vision/build/CMakeFiles/CMakeTmp'

Source file was:
int main() { return 0; }
Performing C++ SOURCE FILE Test COMPILER_SUPPORT_Wall succeeded with the following output:
Change Dir: /home/bjt/Documents/research/vision/build/CMakeFiles/CMakeTmp

Run Build Command:"/usr/bin/make" "cmTC_a76f1/fast"
make[1]: Entering directory '/home/bjt/Documents/research/vision/build/CMakeFiles/CMakeTmp'
/usr/bin/make -f CMakeFiles/cmTC_a76f1.dir/build.make CMakeFiles/cmTC_a76f1.dir/build
make[2]: Entering directory '/home/bjt/Documents/research/vision/build/CMakeFiles/CMakeTmp'
Building CXX object CMakeFiles/cmTC_a76f1.dir/src.cxx.o
/usr/bin/c++     -std=c++03 -pedantic -DCOMPILER_SUPPORT_Wall -Werror   -Wall -o CMakeFiles/cmTC_a76f1.dir/src.cxx.o -c /home/bjt/Documents/research/vision/build/CMakeFiles/CMakeTmp/src.cxx
Linking CXX executable cmTC_a76f1
/usr/bin/cmake -E cmake_link_script CMakeFiles/cmTC_a76f1.dir/link.txt --verbose=1
/usr/bin/c++    -std=c++03 -pedantic -DCOMPILER_SUPPORT_Wall -Werror    CMakeFiles/cmTC_a76f1.dir/src.cxx.o  -o cmTC_a76f1 -rdynamic 
make[2]: Leaving directory '/home/bjt/Documents/research/vision/build/CMakeFiles/CMakeTmp'
make[1]: Leaving directory '/home/bjt/Documents/research/vision/build/CMakeFiles/CMakeTmp'

Source file was:
int main() { return 0; }
Performing C++ SOURCE FILE Test COMPILER_SUPPORT_Wextra succeeded with the following output:
Change Dir: /home/bjt/Documents/research/vision/build/CMakeFiles/CMakeTmp

Run Build Command:"/usr/bin/make" "cmTC_49b9e/fast"
make[1]: Entering directory '/home/bjt/Documents/research/vision/build/CMakeFiles/CMakeTmp'
/usr/bin/make -f CMakeFiles/cmTC_49b9e.dir/build.make CMakeFiles/cmTC_49b9e.dir/build
make[2]: Entering directory '/home/bjt/Documents/research/vision/build/CMakeFiles/CMakeTmp'
Building CXX object CMakeFiles/cmTC_49b9e.dir/src.cxx.o
/usr/bin/c++     -std=c++03 -pedantic -Wall -DCOMPILER_SUPPORT_Wextra -Werror   -Wextra -o CMakeFiles/cmTC_49b9e.dir/src.cxx.o -c /home/bjt/Documents/research/vision/build/CMakeFiles/CMakeTmp/src.cxx
Linking CXX executable cmTC_49b9e
/usr/bin/cmake -E cmake_link_script CMakeFiles/cmTC_49b9e.dir/link.txt --verbose=1
/usr/bin/c++    -std=c++03 -pedantic -Wall -DCOMPILER_SUPPORT_Wextra -Werror    CMakeFiles/cmTC_49b9e.dir/src.cxx.o  -o cmTC_49b9e -rdynamic 
make[2]: Leaving directory '/home/bjt/Documents/research/vision/build/CMakeFiles/CMakeTmp'
make[1]: Leaving directory '/home/bjt/Documents/research/vision/build/CMakeFiles/CMakeTmp'

Source file was:
int main() { return 0; }
Performing C++ SOURCE FILE Test COMPILER_SUPPORT_Wundef succeeded with the following output:
Change Dir: /home/bjt/Documents/research/vision/build/CMakeFiles/CMakeTmp

Run Build Command:"/usr/bin/make" "cmTC_0a03f/fast"
make[1]: Entering directory '/home/bjt/Documents/research/vision/build/CMakeFiles/CMakeTmp'
/usr/bin/make -f CMakeFiles/cmTC_0a03f.dir/build.make CMakeFiles/cmTC_0a03f.dir/build
make[2]: Entering directory '/home/bjt/Documents/research/vision/build/CMakeFiles/CMakeTmp'
Building CXX object CMakeFiles/cmTC_0a03f.dir/src.cxx.o
/usr/bin/c++     -std=c++03 -pedantic -Wall -Wextra -DCOMPILER_SUPPORT_Wundef -Werror   -Wundef -o CMakeFiles/cmTC_0a03f.dir/src.cxx.o -c /home/bjt/Documents/research/vision/build/CMakeFiles/CMakeTmp/src.cxx
Linking CXX executable cmTC_0a03f
/usr/bin/cmake -E cmake_link_script CMakeFiles/cmTC_0a03f.dir/link.txt --verbose=1
/usr/bin/c++    -std=c++03 -pedantic -Wall -Wextra -DCOMPILER_SUPPORT_Wundef -Werror    CMakeFiles/cmTC_0a03f.dir/src.cxx.o  -o cmTC_0a03f -rdynamic 
make[2]: Leaving directory '/home/bjt/Documents/research/vision/build/CMakeFiles/CMakeTmp'
make[1]: Leaving directory '/home/bjt/Documents/research/vision/build/CMakeFiles/CMakeTmp'

Source file was:
int main() { return 0; }
Performing C++ SOURCE FILE Test COMPILER_SUPPORT_Wcastalign succeeded with the following output:
Change Dir: /home/bjt/Documents/research/vision/build/CMakeFiles/CMakeTmp

Run Build Command:"/usr/bin/make" "cmTC_2b4ab/fast"
make[1]: Entering directory '/home/bjt/Documents/research/vision/build/CMakeFiles/CMakeTmp'
/usr/bin/make -f CMakeFiles/cmTC_2b4ab.dir/build.make CMakeFiles/cmTC_2b4ab.dir/build
make[2]: Entering directory '/home/bjt/Documents/research/vision/build/CMakeFiles/CMakeTmp'
Building CXX object CMakeFiles/cmTC_2b4ab.dir/src.cxx.o
/usr/bin/c++     -std=c++03 -pedantic -Wall -Wextra -Wundef -DCOMPILER_SUPPORT_Wcastalign -Werror   -Wcast-align -o CMakeFiles/cmTC_2b4ab.dir/src.cxx.o -c /home/bjt/Documents/research/vision/build/CMakeFiles/CMakeTmp/src.cxx
Linking CXX executable cmTC_2b4ab
/usr/bin/cmake -E cmake_link_script CMakeFiles/cmTC_2b4ab.dir/link.txt --verbose=1
/usr/bin/c++    -std=c++03 -pedantic -Wall -Wextra -Wundef -DCOMPILER_SUPPORT_Wcastalign -Werror    CMakeFiles/cmTC_2b4ab.dir/src.cxx.o  -o cmTC_2b4ab -rdynamic 
make[2]: Leaving directory '/home/bjt/Documents/research/vision/build/CMakeFiles/CMakeTmp'
make[1]: Leaving directory '/home/bjt/Documents/research/vision/build/CMakeFiles/CMakeTmp'

Source file was:
int main() { return 0; }
Performing C++ SOURCE FILE Test COMPILER_SUPPORT_Wcharsubscripts succeeded with the following output:
Change Dir: /home/bjt/Documents/research/vision/build/CMakeFiles/CMakeTmp

Run Build Command:"/usr/bin/make" "cmTC_dfe42/fast"
make[1]: Entering directory '/home/bjt/Documents/research/vision/build/CMakeFiles/CMakeTmp'
/usr/bin/make -f CMakeFiles/cmTC_dfe42.dir/build.make CMakeFiles/cmTC_dfe42.dir/build
make[2]: Entering directory '/home/bjt/Documents/research/vision/build/CMakeFiles/CMakeTmp'
Building CXX object CMakeFiles/cmTC_dfe42.dir/src.cxx.o
/usr/bin/c++     -std=c++03 -pedantic -Wall -Wextra -Wundef -Wcast-align -DCOMPILER_SUPPORT_Wcharsubscripts -Werror   -Wchar-subscripts -o CMakeFiles/cmTC_dfe42.dir/src.cxx.o -c /home/bjt/Documents/research/vision/build/CMakeFiles/CMakeTmp/src.cxx
Linking CXX executable cmTC_dfe42
/usr/bin/cmake -E cmake_link_script CMakeFiles/cmTC_dfe42.dir/link.txt --verbose=1
/usr/bin/c++    -std=c++03 -pedantic -Wall -Wextra -Wundef -Wcast-align -DCOMPILER_SUPPORT_Wcharsubscripts -Werror    CMakeFiles/cmTC_dfe42.dir/src.cxx.o  -o cmTC_dfe42 -rdynamic 
make[2]: Leaving directory '/home/bjt/Documents/research/vision/build/CMakeFiles/CMakeTmp'
make[1]: Leaving directory '/home/bjt/Documents/research/vision/build/CMakeFiles/CMakeTmp'

Source file was:
int main() { return 0; }
Performing C++ SOURCE FILE Test COMPILER_SUPPORT_Wnonvirtualdtor succeeded with the following output:
Change Dir: /home/bjt/Documents/research/vision/build/CMakeFiles/CMakeTmp

Run Build Command:"/usr/bin/make" "cmTC_5f986/fast"
make[1]: Entering directory '/home/bjt/Documents/research/vision/build/CMakeFiles/CMakeTmp'
/usr/bin/make -f CMakeFiles/cmTC_5f986.dir/build.make CMakeFiles/cmTC_5f986.dir/build
make[2]: Entering directory '/home/bjt/Documents/research/vision/build/CMakeFiles/CMakeTmp'
Building CXX object CMakeFiles/cmTC_5f986.dir/src.cxx.o
/usr/bin/c++     -std=c++03 -pedantic -Wall -Wextra -Wundef -Wcast-align -Wchar-subscripts -DCOMPILER_SUPPORT_Wnonvirtualdtor -Werror   -Wnon-virtual-dtor -o CMakeFiles/cmTC_5f986.dir/src.cxx.o -c /home/bjt/Documents/research/vision/build/CMakeFiles/CMakeTmp/src.cxx
Linking CXX executable cmTC_5f986
/usr/bin/cmake -E cmake_link_script CMakeFiles/cmTC_5f986.dir/link.txt --verbose=1
/usr/bin/c++    -std=c++03 -pedantic -Wall -Wextra -Wundef -Wcast-align -Wchar-subscripts -DCOMPILER_SUPPORT_Wnonvirtualdtor -Werror    CMakeFiles/cmTC_5f986.dir/src.cxx.o  -o cmTC_5f986 -rdynamic 
make[2]: Leaving directory '/home/bjt/Documents/research/vision/build/CMakeFiles/CMakeTmp'
make[1]: Leaving directory '/home/bjt/Documents/research/vision/build/CMakeFiles/CMakeTmp'

Source file was:
int main() { return 0; }
Performing C++ SOURCE FILE Test COMPILER_SUPPORT_Wunusedlocaltypedefs succeeded with the following output:
Change Dir: /home/bjt/Documents/research/vision/build/CMakeFiles/CMakeTmp

Run Build Command:"/usr/bin/make" "cmTC_b5436/fast"
make[1]: Entering directory '/home/bjt/Documents/research/vision/build/CMakeFiles/CMakeTmp'
/usr/bin/make -f CMakeFiles/cmTC_b5436.dir/build.make CMakeFiles/cmTC_b5436.dir/build
make[2]: Entering directory '/home/bjt/Documents/research/vision/build/CMakeFiles/CMakeTmp'
Building CXX object CMakeFiles/cmTC_b5436.dir/src.cxx.o
/usr/bin/c++     -std=c++03 -pedantic -Wall -Wextra -Wundef -Wcast-align -Wchar-subscripts -Wnon-virtual-dtor -DCOMPILER_SUPPORT_Wunusedlocaltypedefs -Werror   -Wunused-local-typedefs -o CMakeFiles/cmTC_b5436.dir/src.cxx.o -c /home/bjt/Documents/research/vision/build/CMakeFiles/CMakeTmp/src.cxx
Linking CXX executable cmTC_b5436
/usr/bin/cmake -E cmake_link_script CMakeFiles/cmTC_b5436.dir/link.txt --verbose=1
/usr/bin/c++    -std=c++03 -pedantic -Wall -Wextra -Wundef -Wcast-align -Wchar-subscripts -Wnon-virtual-dtor -DCOMPILER_SUPPORT_Wunusedlocaltypedefs -Werror    CMakeFiles/cmTC_b5436.dir/src.cxx.o  -o cmTC_b5436 -rdynamic 
make[2]: Leaving directory '/home/bjt/Documents/research/vision/build/CMakeFiles/CMakeTmp'
make[1]: Leaving directory '/home/bjt/Documents/research/vision/build/CMakeFiles/CMakeTmp'

Source file was:
int main() { return 0; }
Performing C++ SOURCE FILE Test COMPILER_SUPPORT_Wpointerarith succeeded with the following output:
Change Dir: /home/bjt/Documents/research/vision/build/CMakeFiles/CMakeTmp

Run Build Command:"/usr/bin/make" "cmTC_b4d7f/fast"
make[1]: Entering directory '/home/bjt/Documents/research/vision/build/CMakeFiles/CMakeTmp'
/usr/bin/make -f CMakeFiles/cmTC_b4d7f.dir/build.make CMakeFiles/cmTC_b4d7f.dir/build
make[2]: Entering directory '/home/bjt/Documents/research/vision/build/CMakeFiles/CMakeTmp'
Building CXX object CMakeFiles/cmTC_b4d7f.dir/src.cxx.o
/usr/bin/c++     -std=c++03 -pedantic -Wall -Wextra -Wundef -Wcast-align -Wchar-subscripts -Wnon-virtual-dtor -Wunused-local-typedefs -DCOMPILER_SUPPORT_Wpointerarith -Werror   -Wpointer-arith -o CMakeFiles/cmTC_b4d7f.dir/src.cxx.o -c /home/bjt/Documents/research/vision/build/CMakeFiles/CMakeTmp/src.cxx
Linking CXX executable cmTC_b4d7f
/usr/bin/cmake -E cmake_link_script CMakeFiles/cmTC_b4d7f.dir/link.txt --verbose=1
/usr/bin/c++    -std=c++03 -pedantic -Wall -Wextra -Wundef -Wcast-align -Wchar-subscripts -Wnon-virtual-dtor -Wunused-local-typedefs -DCOMPILER_SUPPORT_Wpointerarith -Werror    CMakeFiles/cmTC_b4d7f.dir/src.cxx.o  -o cmTC_b4d7f -rdynamic 
make[2]: Leaving directory '/home/bjt/Documents/research/vision/build/CMakeFiles/CMakeTmp'
make[1]: Leaving directory '/home/bjt/Documents/research/vision/build/CMakeFiles/CMakeTmp'

Source file was:
int main() { return 0; }
Performing C++ SOURCE FILE Test COMPILER_SUPPORT_Wwritestrings succeeded with the following output:
Change Dir: /home/bjt/Documents/research/vision/build/CMakeFiles/CMakeTmp

Run Build Command:"/usr/bin/make" "cmTC_cbdb4/fast"
make[1]: Entering directory '/home/bjt/Documents/research/vision/build/CMakeFiles/CMakeTmp'
/usr/bin/make -f CMakeFiles/cmTC_cbdb4.dir/build.make CMakeFiles/cmTC_cbdb4.dir/build
make[2]: Entering directory '/home/bjt/Documents/research/vision/build/CMakeFiles/CMakeTmp'
Building CXX object CMakeFiles/cmTC_cbdb4.dir/src.cxx.o
/usr/bin/c++     -std=c++03 -pedantic -Wall -Wextra -Wundef -Wcast-align -Wchar-subscripts -Wnon-virtual-dtor -Wunused-local-typedefs -Wpointer-arith -DCOMPILER_SUPPORT_Wwritestrings -Werror   -Wwrite-strings -o CMakeFiles/cmTC_cbdb4.dir/src.cxx.o -c /home/bjt/Documents/research/vision/build/CMakeFiles/CMakeTmp/src.cxx
Linking CXX executable cmTC_cbdb4
/usr/bin/cmake -E cmake_link_script CMakeFiles/cmTC_cbdb4.dir/link.txt --verbose=1
/usr/bin/c++    -std=c++03 -pedantic -Wall -Wextra -Wundef -Wcast-align -Wchar-subscripts -Wnon-virtual-dtor -Wunused-local-typedefs -Wpointer-arith -DCOMPILER_SUPPORT_Wwritestrings -Werror    CMakeFiles/cmTC_cbdb4.dir/src.cxx.o  -o cmTC_cbdb4 -rdynamic 
make[2]: Leaving directory '/home/bjt/Documents/research/vision/build/CMakeFiles/CMakeTmp'
make[1]: Leaving directory '/home/bjt/Documents/research/vision/build/CMakeFiles/CMakeTmp'

Source file was:
int main() { return 0; }
Performing C++ SOURCE FILE Test COMPILER_SUPPORT_Wformatsecurity succeeded with the following output:
Change Dir: /home/bjt/Documents/research/vision/build/CMakeFiles/CMakeTmp

Run Build Command:"/usr/bin/make" "cmTC_e3f1e/fast"
make[1]: Entering directory '/home/bjt/Documents/research/vision/build/CMakeFiles/CMakeTmp'
/usr/bin/make -f CMakeFiles/cmTC_e3f1e.dir/build.make CMakeFiles/cmTC_e3f1e.dir/build
make[2]: Entering directory '/home/bjt/Documents/research/vision/build/CMakeFiles/CMakeTmp'
Building CXX object CMakeFiles/cmTC_e3f1e.dir/src.cxx.o
/usr/bin/c++     -std=c++03 -pedantic -Wall -Wextra -Wundef -Wcast-align -Wchar-subscripts -Wnon-virtual-dtor -Wunused-local-typedefs -Wpointer-arith -Wwrite-strings -DCOMPILER_SUPPORT_Wformatsecurity -Werror   -Wformat-security -o CMakeFiles/cmTC_e3f1e.dir/src.cxx.o -c /home/bjt/Documents/research/vision/build/CMakeFiles/CMakeTmp/src.cxx
Linking CXX executable cmTC_e3f1e
/usr/bin/cmake -E cmake_link_script CMakeFiles/cmTC_e3f1e.dir/link.txt --verbose=1
/usr/bin/c++    -std=c++03 -pedantic -Wall -Wextra -Wundef -Wcast-align -Wchar-subscripts -Wnon-virtual-dtor -Wunused-local-typedefs -Wpointer-arith -Wwrite-strings -DCOMPILER_SUPPORT_Wformatsecurity -Werror    CMakeFiles/cmTC_e3f1e.dir/src.cxx.o  -o cmTC_e3f1e -rdynamic 
make[2]: Leaving directory '/home/bjt/Documents/research/vision/build/CMakeFiles/CMakeTmp'
make[1]: Leaving directory '/home/bjt/Documents/research/vision/build/CMakeFiles/CMakeTmp'

Source file was:
int main() { return 0; }
Performing C++ SOURCE FILE Test COMPILER_SUPPORT_Wlogicalop succeeded with the following output:
Change Dir: /home/bjt/Documents/research/vision/build/CMakeFiles/CMakeTmp

Run Build Command:"/usr/bin/make" "cmTC_343c6/fast"
make[1]: Entering directory '/home/bjt/Documents/research/vision/build/CMakeFiles/CMakeTmp'
/usr/bin/make -f CMakeFiles/cmTC_343c6.dir/build.make CMakeFiles/cmTC_343c6.dir/build
make[2]: Entering directory '/home/bjt/Documents/research/vision/build/CMakeFiles/CMakeTmp'
Building CXX object CMakeFiles/cmTC_343c6.dir/src.cxx.o
/usr/bin/c++     -std=c++03 -pedantic -Wall -Wextra -Wundef -Wcast-align -Wchar-subscripts -Wnon-virtual-dtor -Wunused-local-typedefs -Wpointer-arith -Wwrite-strings -Wformat-security -DCOMPILER_SUPPORT_Wlogicalop -Werror   -Wlogical-op -o CMakeFiles/cmTC_343c6.dir/src.cxx.o -c /home/bjt/Documents/research/vision/build/CMakeFiles/CMakeTmp/src.cxx
Linking CXX executable cmTC_343c6
/usr/bin/cmake -E cmake_link_script CMakeFiles/cmTC_343c6.dir/link.txt --verbose=1
/usr/bin/c++    -std=c++03 -pedantic -Wall -Wextra -Wundef -Wcast-align -Wchar-subscripts -Wnon-virtual-dtor -Wunused-local-typedefs -Wpointer-arith -Wwrite-strings -Wformat-security -DCOMPILER_SUPPORT_Wlogicalop -Werror    CMakeFiles/cmTC_343c6.dir/src.cxx.o  -o cmTC_343c6 -rdynamic 
make[2]: Leaving directory '/home/bjt/Documents/research/vision/build/CMakeFiles/CMakeTmp'
make[1]: Leaving directory '/home/bjt/Documents/research/vision/build/CMakeFiles/CMakeTmp'

Source file was:
int main() { return 0; }
Performing C++ SOURCE FILE Test COMPILER_SUPPORT_Wdoublepromotion succeeded with the following output:
Change Dir: /home/bjt/Documents/research/vision/build/CMakeFiles/CMakeTmp

Run Build Command:"/usr/bin/make" "cmTC_abe79/fast"
make[1]: Entering directory '/home/bjt/Documents/research/vision/build/CMakeFiles/CMakeTmp'
/usr/bin/make -f CMakeFiles/cmTC_abe79.dir/build.make CMakeFiles/cmTC_abe79.dir/build
make[2]: Entering directory '/home/bjt/Documents/research/vision/build/CMakeFiles/CMakeTmp'
Building CXX object CMakeFiles/cmTC_abe79.dir/src.cxx.o
/usr/bin/c++     -std=c++03 -pedantic -Wall -Wextra -Wundef -Wcast-align -Wchar-subscripts -Wnon-virtual-dtor -Wunused-local-typedefs -Wpointer-arith -Wwrite-strings -Wformat-security -Wlogical-op -DCOMPILER_SUPPORT_Wdoublepromotion -Werror   -Wdouble-promotion -o CMakeFiles/cmTC_abe79.dir/src.cxx.o -c /home/bjt/Documents/research/vision/build/CMakeFiles/CMakeTmp/src.cxx
Linking CXX executable cmTC_abe79
/usr/bin/cmake -E cmake_link_script CMakeFiles/cmTC_abe79.dir/link.txt --verbose=1
/usr/bin/c++    -std=c++03 -pedantic -Wall -Wextra -Wundef -Wcast-align -Wchar-subscripts -Wnon-virtual-dtor -Wunused-local-typedefs -Wpointer-arith -Wwrite-strings -Wformat-security -Wlogical-op -DCOMPILER_SUPPORT_Wdoublepromotion -Werror    CMakeFiles/cmTC_abe79.dir/src.cxx.o  -o cmTC_abe79 -rdynamic 
make[2]: Leaving directory '/home/bjt/Documents/research/vision/build/CMakeFiles/CMakeTmp'
make[1]: Leaving directory '/home/bjt/Documents/research/vision/build/CMakeFiles/CMakeTmp'

Source file was:
int main() { return 0; }
Performing C++ SOURCE FILE Test COMPILER_SUPPORT_Wnopsabi succeeded with the following output:
Change Dir: /home/bjt/Documents/research/vision/build/CMakeFiles/CMakeTmp

Run Build Command:"/usr/bin/make" "cmTC_c9649/fast"
make[1]: Entering directory '/home/bjt/Documents/research/vision/build/CMakeFiles/CMakeTmp'
/usr/bin/make -f CMakeFiles/cmTC_c9649.dir/build.make CMakeFiles/cmTC_c9649.dir/build
make[2]: Entering directory '/home/bjt/Documents/research/vision/build/CMakeFiles/CMakeTmp'
Building CXX object CMakeFiles/cmTC_c9649.dir/src.cxx.o
/usr/bin/c++     -std=c++03 -pedantic -Wall -Wextra -Wundef -Wcast-align -Wchar-subscripts -Wnon-virtual-dtor -Wunused-local-typedefs -Wpointer-arith -Wwrite-strings -Wformat-security -Wlogical-op -Wdouble-promotion -DCOMPILER_SUPPORT_Wnopsabi -Werror   -Wno-psabi -o CMakeFiles/cmTC_c9649.dir/src.cxx.o -c /home/bjt/Documents/research/vision/build/CMakeFiles/CMakeTmp/src.cxx
Linking CXX executable cmTC_c9649
/usr/bin/cmake -E cmake_link_script CMakeFiles/cmTC_c9649.dir/link.txt --verbose=1
/usr/bin/c++    -std=c++03 -pedantic -Wall -Wextra -Wundef -Wcast-align -Wchar-subscripts -Wnon-virtual-dtor -Wunused-local-typedefs -Wpointer-arith -Wwrite-strings -Wformat-security -Wlogical-op -Wdouble-promotion -DCOMPILER_SUPPORT_Wnopsabi -Werror    CMakeFiles/cmTC_c9649.dir/src.cxx.o  -o cmTC_c9649 -rdynamic 
make[2]: Leaving directory '/home/bjt/Documents/research/vision/build/CMakeFiles/CMakeTmp'
make[1]: Leaving directory '/home/bjt/Documents/research/vision/build/CMakeFiles/CMakeTmp'

Source file was:
int main() { return 0; }
Performing C++ SOURCE FILE Test COMPILER_SUPPORT_Wnovariadicmacros succeeded with the following output:
Change Dir: /home/bjt/Documents/research/vision/build/CMakeFiles/CMakeTmp

Run Build Command:"/usr/bin/make" "cmTC_1a717/fast"
make[1]: Entering directory '/home/bjt/Documents/research/vision/build/CMakeFiles/CMakeTmp'
/usr/bin/make -f CMakeFiles/cmTC_1a717.dir/build.make CMakeFiles/cmTC_1a717.dir/build
make[2]: Entering directory '/home/bjt/Documents/research/vision/build/CMakeFiles/CMakeTmp'
Building CXX object CMakeFiles/cmTC_1a717.dir/src.cxx.o
/usr/bin/c++     -std=c++03 -pedantic -Wall -Wextra -Wundef -Wcast-align -Wchar-subscripts -Wnon-virtual-dtor -Wunused-local-typedefs -Wpointer-arith -Wwrite-strings -Wformat-security -Wlogical-op -Wdouble-promotion -Wno-psabi -DCOMPILER_SUPPORT_Wnovariadicmacros -Werror   -Wno-variadic-macros -o CMakeFiles/cmTC_1a717.dir/src.cxx.o -c /home/bjt/Documents/research/vision/build/CMakeFiles/CMakeTmp/src.cxx
Linking CXX executable cmTC_1a717
/usr/bin/cmake -E cmake_link_script CMakeFiles/cmTC_1a717.dir/link.txt --verbose=1
/usr/bin/c++    -std=c++03 -pedantic -Wall -Wextra -Wundef -Wcast-align -Wchar-subscripts -Wnon-virtual-dtor -Wunused-local-typedefs -Wpointer-arith -Wwrite-strings -Wformat-security -Wlogical-op -Wdouble-promotion -Wno-psabi -DCOMPILER_SUPPORT_Wnovariadicmacros -Werror    CMakeFiles/cmTC_1a717.dir/src.cxx.o  -o cmTC_1a717 -rdynamic 
make[2]: Leaving directory '/home/bjt/Documents/research/vision/build/CMakeFiles/CMakeTmp'
make[1]: Leaving directory '/home/bjt/Documents/research/vision/build/CMakeFiles/CMakeTmp'

Source file was:
int main() { return 0; }
Performing C++ SOURCE FILE Test COMPILER_SUPPORT_Wnolonglong succeeded with the following output:
Change Dir: /home/bjt/Documents/research/vision/build/CMakeFiles/CMakeTmp

Run Build Command:"/usr/bin/make" "cmTC_9543d/fast"
make[1]: Entering directory '/home/bjt/Documents/research/vision/build/CMakeFiles/CMakeTmp'
/usr/bin/make -f CMakeFiles/cmTC_9543d.dir/build.make CMakeFiles/cmTC_9543d.dir/build
make[2]: Entering directory '/home/bjt/Documents/research/vision/build/CMakeFiles/CMakeTmp'
Building CXX object CMakeFiles/cmTC_9543d.dir/src.cxx.o
/usr/bin/c++     -std=c++03 -pedantic -Wall -Wextra -Wundef -Wcast-align -Wchar-subscripts -Wnon-virtual-dtor -Wunused-local-typedefs -Wpointer-arith -Wwrite-strings -Wformat-security -Wlogical-op -Wdouble-promotion -Wno-psabi -Wno-variadic-macros -DCOMPILER_SUPPORT_Wnolonglong -Werror   -Wno-long-long -o CMakeFiles/cmTC_9543d.dir/src.cxx.o -c /home/bjt/Documents/research/vision/build/CMakeFiles/CMakeTmp/src.cxx
Linking CXX executable cmTC_9543d
/usr/bin/cmake -E cmake_link_script CMakeFiles/cmTC_9543d.dir/link.txt --verbose=1
/usr/bin/c++    -std=c++03 -pedantic -Wall -Wextra -Wundef -Wcast-align -Wchar-subscripts -Wnon-virtual-dtor -Wunused-local-typedefs -Wpointer-arith -Wwrite-strings -Wformat-security -Wlogical-op -Wdouble-promotion -Wno-psabi -Wno-variadic-macros -DCOMPILER_SUPPORT_Wnolonglong -Werror    CMakeFiles/cmTC_9543d.dir/src.cxx.o  -o cmTC_9543d -rdynamic 
make[2]: Leaving directory '/home/bjt/Documents/research/vision/build/CMakeFiles/CMakeTmp'
make[1]: Leaving directory '/home/bjt/Documents/research/vision/build/CMakeFiles/CMakeTmp'

Source file was:
int main() { return 0; }
Performing C++ SOURCE FILE Test COMPILER_SUPPORT_fnochecknew succeeded with the following output:
Change Dir: /home/bjt/Documents/research/vision/build/CMakeFiles/CMakeTmp

Run Build Command:"/usr/bin/make" "cmTC_2d4ad/fast"
make[1]: Entering directory '/home/bjt/Documents/research/vision/build/CMakeFiles/CMakeTmp'
/usr/bin/make -f CMakeFiles/cmTC_2d4ad.dir/build.make CMakeFiles/cmTC_2d4ad.dir/build
make[2]: Entering directory '/home/bjt/Documents/research/vision/build/CMakeFiles/CMakeTmp'
Building CXX object CMakeFiles/cmTC_2d4ad.dir/src.cxx.o
/usr/bin/c++     -std=c++03 -pedantic -Wall -Wextra -Wundef -Wcast-align -Wchar-subscripts -Wnon-virtual-dtor -Wunused-local-typedefs -Wpointer-arith -Wwrite-strings -Wformat-security -Wlogical-op -Wdouble-promotion -Wno-psabi -Wno-variadic-macros -Wno-long-long -DCOMPILER_SUPPORT_fnochecknew -Werror   -fno-check-new -o CMakeFiles/cmTC_2d4ad.dir/src.cxx.o -c /home/bjt/Documents/research/vision/build/CMakeFiles/CMakeTmp/src.cxx
Linking CXX executable cmTC_2d4ad
/usr/bin/cmake -E cmake_link_script CMakeFiles/cmTC_2d4ad.dir/link.txt --verbose=1
/usr/bin/c++    -std=c++03 -pedantic -Wall -Wextra -Wundef -Wcast-align -Wchar-subscripts -Wnon-virtual-dtor -Wunused-local-typedefs -Wpointer-arith -Wwrite-strings -Wformat-security -Wlogical-op -Wdouble-promotion -Wno-psabi -Wno-variadic-macros -Wno-long-long -DCOMPILER_SUPPORT_fnochecknew -Werror    CMakeFiles/cmTC_2d4ad.dir/src.cxx.o  -o cmTC_2d4ad -rdynamic 
make[2]: Leaving directory '/home/bjt/Documents/research/vision/build/CMakeFiles/CMakeTmp'
make[1]: Leaving directory '/home/bjt/Documents/research/vision/build/CMakeFiles/CMakeTmp'

Source file was:
int main() { return 0; }
Performing C++ SOURCE FILE Test COMPILER_SUPPORT_fnocommon succeeded with the following output:
Change Dir: /home/bjt/Documents/research/vision/build/CMakeFiles/CMakeTmp

Run Build Command:"/usr/bin/make" "cmTC_23fb4/fast"
make[1]: Entering directory '/home/bjt/Documents/research/vision/build/CMakeFiles/CMakeTmp'
/usr/bin/make -f CMakeFiles/cmTC_23fb4.dir/build.make CMakeFiles/cmTC_23fb4.dir/build
make[2]: Entering directory '/home/bjt/Documents/research/vision/build/CMakeFiles/CMakeTmp'
Building CXX object CMakeFiles/cmTC_23fb4.dir/src.cxx.o
/usr/bin/c++     -std=c++03 -pedantic -Wall -Wextra -Wundef -Wcast-align -Wchar-subscripts -Wnon-virtual-dtor -Wunused-local-typedefs -Wpointer-arith -Wwrite-strings -Wformat-security -Wlogical-op -Wdouble-promotion -Wno-psabi -Wno-variadic-macros -Wno-long-long -fno-check-new -DCOMPILER_SUPPORT_fnocommon -Werror   -fno-common -o CMakeFiles/cmTC_23fb4.dir/src.cxx.o -c /home/bjt/Documents/research/vision/build/CMakeFiles/CMakeTmp/src.cxx
Linking CXX executable cmTC_23fb4
/usr/bin/cmake -E cmake_link_script CMakeFiles/cmTC_23fb4.dir/link.txt --verbose=1
/usr/bin/c++    -std=c++03 -pedantic -Wall -Wextra -Wundef -Wcast-align -Wchar-subscripts -Wnon-virtual-dtor -Wunused-local-typedefs -Wpointer-arith -Wwrite-strings -Wformat-security -Wlogical-op -Wdouble-promotion -Wno-psabi -Wno-variadic-macros -Wno-long-long -fno-check-new -DCOMPILER_SUPPORT_fnocommon -Werror    CMakeFiles/cmTC_23fb4.dir/src.cxx.o  -o cmTC_23fb4 -rdynamic 
make[2]: Leaving directory '/home/bjt/Documents/research/vision/build/CMakeFiles/CMakeTmp'
make[1]: Leaving directory '/home/bjt/Documents/research/vision/build/CMakeFiles/CMakeTmp'

Source file was:
int main() { return 0; }
Performing C++ SOURCE FILE Test COMPILER_SUPPORT_fstrictaliasing succeeded with the following output:
Change Dir: /home/bjt/Documents/research/vision/build/CMakeFiles/CMakeTmp

Run Build Command:"/usr/bin/make" "cmTC_13ad6/fast"
make[1]: Entering directory '/home/bjt/Documents/research/vision/build/CMakeFiles/CMakeTmp'
/usr/bin/make -f CMakeFiles/cmTC_13ad6.dir/build.make CMakeFiles/cmTC_13ad6.dir/build
make[2]: Entering directory '/home/bjt/Documents/research/vision/build/CMakeFiles/CMakeTmp'
Building CXX object CMakeFiles/cmTC_13ad6.dir/src.cxx.o
/usr/bin/c++     -std=c++03 -pedantic -Wall -Wextra -Wundef -Wcast-align -Wchar-subscripts -Wnon-virtual-dtor -Wunused-local-typedefs -Wpointer-arith -Wwrite-strings -Wformat-security -Wlogical-op -Wdouble-promotion -Wno-psabi -Wno-variadic-macros -Wno-long-long -fno-check-new -fno-common -DCOMPILER_SUPPORT_fstrictaliasing -Werror   -fstrict-aliasing -o CMakeFiles/cmTC_13ad6.dir/src.cxx.o -c /home/bjt/Documents/research/vision/build/CMakeFiles/CMakeTmp/src.cxx
Linking CXX executable cmTC_13ad6
/usr/bin/cmake -E cmake_link_script CMakeFiles/cmTC_13ad6.dir/link.txt --verbose=1
/usr/bin/c++    -std=c++03 -pedantic -Wall -Wextra -Wundef -Wcast-align -Wchar-subscripts -Wnon-virtual-dtor -Wunused-local-typedefs -Wpointer-arith -Wwrite-strings -Wformat-security -Wlogical-op -Wdouble-promotion -Wno-psabi -Wno-variadic-macros -Wno-long-long -fno-check-new -fno-common -DCOMPILER_SUPPORT_fstrictaliasing -Werror    CMakeFiles/cmTC_13ad6.dir/src.cxx.o  -o cmTC_13ad6 -rdynamic 
make[2]: Leaving directory '/home/bjt/Documents/research/vision/build/CMakeFiles/CMakeTmp'
make[1]: Leaving directory '/home/bjt/Documents/research/vision/build/CMakeFiles/CMakeTmp'

Source file was:
int main() { return 0; }
Performing C++ SOURCE FILE Test COMPILER_SUPPORT_ansi succeeded with the following output:
Change Dir: /home/bjt/Documents/research/vision/build/CMakeFiles/CMakeTmp

Run Build Command:"/usr/bin/make" "cmTC_9382c/fast"
make[1]: Entering directory '/home/bjt/Documents/research/vision/build/CMakeFiles/CMakeTmp'
/usr/bin/make -f CMakeFiles/cmTC_9382c.dir/build.make CMakeFiles/cmTC_9382c.dir/build
make[2]: Entering directory '/home/bjt/Documents/research/vision/build/CMakeFiles/CMakeTmp'
Building CXX object CMakeFiles/cmTC_9382c.dir/src.cxx.o
/usr/bin/c++     -std=c++03 -pedantic -Wall -Wextra -Wundef -Wcast-align -Wchar-subscripts -Wnon-virtual-dtor -Wunused-local-typedefs -Wpointer-arith -Wwrite-strings -Wformat-security -Wlogical-op -Wdouble-promotion -Wno-psabi -Wno-variadic-macros -Wno-long-long -fno-check-new -fno-common -fstrict-aliasing -DCOMPILER_SUPPORT_ansi -Werror   -ansi -o CMakeFiles/cmTC_9382c.dir/src.cxx.o -c /home/bjt/Documents/research/vision/build/CMakeFiles/CMakeTmp/src.cxx
Linking CXX executable cmTC_9382c
/usr/bin/cmake -E cmake_link_script CMakeFiles/cmTC_9382c.dir/link.txt --verbose=1
/usr/bin/c++    -std=c++03 -pedantic -Wall -Wextra -Wundef -Wcast-align -Wchar-subscripts -Wnon-virtual-dtor -Wunused-local-typedefs -Wpointer-arith -Wwrite-strings -Wformat-security -Wlogical-op -Wdouble-promotion -Wno-psabi -Wno-variadic-macros -Wno-long-long -fno-check-new -fno-common -fstrict-aliasing -DCOMPILER_SUPPORT_ansi -Werror    CMakeFiles/cmTC_9382c.dir/src.cxx.o  -o cmTC_9382c -rdynamic 
make[2]: Leaving directory '/home/bjt/Documents/research/vision/build/CMakeFiles/CMakeTmp'
make[1]: Leaving directory '/home/bjt/Documents/research/vision/build/CMakeFiles/CMakeTmp'

Source file was:
int main() { return 0; }
Performing C++ SOURCE FILE Test COMPILER_SUPPORT_OPENMP succeeded with the following output:
Change Dir: /home/bjt/Documents/research/vision/build/CMakeFiles/CMakeTmp

Run Build Command:"/usr/bin/make" "cmTC_ba1f7/fast"
make[1]: Entering directory '/home/bjt/Documents/research/vision/build/CMakeFiles/CMakeTmp'
/usr/bin/make -f CMakeFiles/cmTC_ba1f7.dir/build.make CMakeFiles/cmTC_ba1f7.dir/build
make[2]: Entering directory '/home/bjt/Documents/research/vision/build/CMakeFiles/CMakeTmp'
Building CXX object CMakeFiles/cmTC_ba1f7.dir/src.cxx.o
/usr/bin/c++     -std=c++03 -pedantic -Wall -Wextra -Wundef -Wcast-align -Wchar-subscripts -Wnon-virtual-dtor -Wunused-local-typedefs -Wpointer-arith -Wwrite-strings -Wformat-security -Wlogical-op -Wdouble-promotion -Wno-psabi -Wno-variadic-macros -Wno-long-long -fno-check-new -fno-common -fstrict-aliasing -ansi -DCOMPILER_SUPPORT_OPENMP   -fopenmp -o CMakeFiles/cmTC_ba1f7.dir/src.cxx.o -c /home/bjt/Documents/research/vision/build/CMakeFiles/CMakeTmp/src.cxx
Linking CXX executable cmTC_ba1f7
/usr/bin/cmake -E cmake_link_script CMakeFiles/cmTC_ba1f7.dir/link.txt --verbose=1
/usr/bin/c++    -std=c++03 -pedantic -Wall -Wextra -Wundef -Wcast-align -Wchar-subscripts -Wnon-virtual-dtor -Wunused-local-typedefs -Wpointer-arith -Wwrite-strings -Wformat-security -Wlogical-op -Wdouble-promotion -Wno-psabi -Wno-variadic-macros -Wno-long-long -fno-check-new -fno-common -fstrict-aliasing -ansi -DCOMPILER_SUPPORT_OPENMP    CMakeFiles/cmTC_ba1f7.dir/src.cxx.o  -o cmTC_ba1f7 -rdynamic 
make[2]: Leaving directory '/home/bjt/Documents/research/vision/build/CMakeFiles/CMakeTmp'
make[1]: Leaving directory '/home/bjt/Documents/research/vision/build/CMakeFiles/CMakeTmp'

Source file was:
int main() { return 0; }
Determining if the include file pthread.h exists passed with the following output:
Change Dir: /home/bjt/Documents/research/vision/build/CMakeFiles/CMakeTmp

Run Build Command:"/usr/bin/make" "cmTC_11be3/fast"
make[1]: Entering directory '/home/bjt/Documents/research/vision/build/CMakeFiles/CMakeTmp'
/usr/bin/make -f CMakeFiles/cmTC_11be3.dir/build.make CMakeFiles/cmTC_11be3.dir/build
make[2]: Entering directory '/home/bjt/Documents/research/vision/build/CMakeFiles/CMakeTmp'
Building C object CMakeFiles/cmTC_11be3.dir/CheckIncludeFile.c.o
/usr/bin/cc     -o CMakeFiles/cmTC_11be3.dir/CheckIncludeFile.c.o   -c /home/bjt/Documents/research/vision/build/CMakeFiles/CMakeTmp/CheckIncludeFile.c
Linking C executable cmTC_11be3
/usr/bin/cmake -E cmake_link_script CMakeFiles/cmTC_11be3.dir/link.txt --verbose=1
/usr/bin/cc       CMakeFiles/cmTC_11be3.dir/CheckIncludeFile.c.o  -o cmTC_11be3 -rdynamic 
make[2]: Leaving directory '/home/bjt/Documents/research/vision/build/CMakeFiles/CMakeTmp'
make[1]: Leaving directory '/home/bjt/Documents/research/vision/build/CMakeFiles/CMakeTmp'


Determining if the function pthread_create exists in the pthread passed with the following output:
Change Dir: /home/bjt/Documents/research/vision/build/CMakeFiles/CMakeTmp

Run Build Command:"/usr/bin/make" "cmTC_43cd7/fast"
make[1]: Entering directory '/home/bjt/Documents/research/vision/build/CMakeFiles/CMakeTmp'
/usr/bin/make -f CMakeFiles/cmTC_43cd7.dir/build.make CMakeFiles/cmTC_43cd7.dir/build
make[2]: Entering directory '/home/bjt/Documents/research/vision/build/CMakeFiles/CMakeTmp'
Building C object CMakeFiles/cmTC_43cd7.dir/CheckFunctionExists.c.o
/usr/bin/cc    -DCHECK_FUNCTION_EXISTS=pthread_create   -o CMakeFiles/cmTC_43cd7.dir/CheckFunctionExists.c.o   -c /usr/share/cmake-3.5/Modules/CheckFunctionExists.c
Linking C executable cmTC_43cd7
/usr/bin/cmake -E cmake_link_script CMakeFiles/cmTC_43cd7.dir/link.txt --verbose=1
/usr/bin/cc   -DCHECK_FUNCTION_EXISTS=pthread_create    CMakeFiles/cmTC_43cd7.dir/CheckFunctionExists.c.o  -o cmTC_43cd7 -rdynamic -lpthread 
make[2]: Leaving directory '/home/bjt/Documents/research/vision/build/CMakeFiles/CMakeTmp'
make[1]: Leaving directory '/home/bjt/Documents/research/vision/build/CMakeFiles/CMakeTmp'


Performing C++ SOURCE FILE Test COMPILER_SUPPORT_FASTMATH succeeded with the following output:
Change Dir: /home/bjt/Documents/research/vision/build/CMakeFiles/CMakeTmp

Run Build Command:"/usr/bin/make" "cmTC_12f3d/fast"
make[1]: Entering directory '/home/bjt/Documents/research/vision/build/CMakeFiles/CMakeTmp'
/usr/bin/make -f CMakeFiles/cmTC_12f3d.dir/build.make CMakeFiles/cmTC_12f3d.dir/build
make[2]: Entering directory '/home/bjt/Documents/research/vision/build/CMakeFiles/CMakeTmp'
Building CXX object CMakeFiles/cmTC_12f3d.dir/src.cxx.o
/usr/bin/c++     -std=c++03 -pedantic -Wall -Wextra -Wundef -Wcast-align -Wchar-subscripts -Wnon-virtual-dtor -Wunused-local-typedefs -Wpointer-arith -Wwrite-strings -Wformat-security -Wlogical-op -Wdouble-promotion -Wno-psabi -Wno-variadic-macros -Wno-long-long -fno-check-new -fno-common -fstrict-aliasing -ansi -DCOMPILER_SUPPORT_FASTMATH   -ffast-math -o CMakeFiles/cmTC_12f3d.dir/src.cxx.o -c /home/bjt/Documents/research/vision/build/CMakeFiles/CMakeTmp/src.cxx
Linking CXX executable cmTC_12f3d
/usr/bin/cmake -E cmake_link_script CMakeFiles/cmTC_12f3d.dir/link.txt --verbose=1
/usr/bin/c++    -std=c++03 -pedantic -Wall -Wextra -Wundef -Wcast-align -Wchar-subscripts -Wnon-virtual-dtor -Wunused-local-typedefs -Wpointer-arith -Wwrite-strings -Wformat-security -Wlogical-op -Wdouble-promotion -Wno-psabi -Wno-variadic-macros -Wno-long-long -fno-check-new -fno-common -fstrict-aliasing -ansi -DCOMPILER_SUPPORT_FASTMATH    CMakeFiles/cmTC_12f3d.dir/src.cxx.o  -o cmTC_12f3d -rdynamic 
make[2]: Leaving directory '/home/bjt/Documents/research/vision/build/CMakeFiles/CMakeTmp'
make[1]: Leaving directory '/home/bjt/Documents/research/vision/build/CMakeFiles/CMakeTmp'

Source file was:
int main() { return 0; }
Performing C++ SOURCE FILE Test COMPILER_SUPPORT_std=cpp03 succeeded with the following output:
Change Dir: /home/bjt/Documents/research/vision/build/CMakeFiles/CMakeTmp

Run Build Command:"/usr/bin/make" "cmTC_96d4d/fast"
/usr/bin/make -f CMakeFiles/cmTC_96d4d.dir/build.make CMakeFiles/cmTC_96d4d.dir/build
make[1]: Entering directory '/home/bjt/Documents/research/vision/build/CMakeFiles/CMakeTmp'
Building CXX object CMakeFiles/cmTC_96d4d.dir/src.cxx.o
/usr/bin/c++     -DCOMPILER_SUPPORT_std=cpp03   -std=c++03 -o CMakeFiles/cmTC_96d4d.dir/src.cxx.o -c /home/bjt/Documents/research/vision/build/CMakeFiles/CMakeTmp/src.cxx
Linking CXX executable cmTC_96d4d
/usr/bin/cmake -E cmake_link_script CMakeFiles/cmTC_96d4d.dir/link.txt --verbose=1
/usr/bin/c++    -DCOMPILER_SUPPORT_std=cpp03    CMakeFiles/cmTC_96d4d.dir/src.cxx.o  -o cmTC_96d4d -rdynamic 
make[1]: Leaving directory '/home/bjt/Documents/research/vision/build/CMakeFiles/CMakeTmp'

Source file was:
int main() { return 0; }
Performing C++ SOURCE FILE Test COMPILER_SUPPORT_std=cpp03 succeeded with the following output:
Change Dir: /home/bjt/Documents/research/vision/build/CMakeFiles/CMakeTmp

Run Build Command:"/usr/bin/make" "cmTC_6eeb2/fast"
make[1]: Entering directory '/home/bjt/Documents/research/vision/build/CMakeFiles/CMakeTmp'
/usr/bin/make -f CMakeFiles/cmTC_6eeb2.dir/build.make CMakeFiles/cmTC_6eeb2.dir/build
make[2]: Entering directory '/home/bjt/Documents/research/vision/build/CMakeFiles/CMakeTmp'
Building CXX object CMakeFiles/cmTC_6eeb2.dir/src.cxx.o
/usr/bin/c++     -DCOMPILER_SUPPORT_std=cpp03   -std=c++03 -o CMakeFiles/cmTC_6eeb2.dir/src.cxx.o -c /home/bjt/Documents/research/vision/build/CMakeFiles/CMakeTmp/src.cxx
Linking CXX executable cmTC_6eeb2
/usr/bin/cmake -E cmake_link_script CMakeFiles/cmTC_6eeb2.dir/link.txt --verbose=1
/usr/bin/c++    -DCOMPILER_SUPPORT_std=cpp03    CMakeFiles/cmTC_6eeb2.dir/src.cxx.o  -o cmTC_6eeb2 -rdynamic 
make[2]: Leaving directory '/home/bjt/Documents/research/vision/build/CMakeFiles/CMakeTmp'
make[1]: Leaving directory '/home/bjt/Documents/research/vision/build/CMakeFiles/CMakeTmp'

Source file was:
int main() { return 0; }
